#
# A fatal error has been detected by the Java Runtime Environment:
#
#  EXCEPTION_ACCESS_VIOLATION (0xc0000005) at pc=0x000001ff9c750d93, pid=9104, tid=10264
#
# JRE version: OpenJDK Runtime Environment Temurin-17.0.4+8 (17.0.4+8) (build 17.0.4+8)
# Java VM: OpenJDK 64-Bit Server VM Temurin-17.0.4+8 (17.0.4+8, mixed mode, tiered, compressed oops, compressed class ptrs, parallel gc, windows-amd64)
# Problematic frame:
# J 17800 c2 org.eclipse.jdt.internal.core.index.DiskIndex.writeCategoryTable([CLorg/eclipse/jdt/internal/compiler/util/HashtableOfObject;Ljava/io/FileOutputStream;)V (252 bytes) @ 0x000001ff9c750d93 [0x000001ff9c750cc0+0x00000000000000d3]
#
# No core dump will be written. Minidumps are not enabled by default on client versions of Windows
#
# If you would like to submit a bug report, please visit:
#   https://github.com/adoptium/adoptium-support/issues
#

---------------  S U M M A R Y ------------

Command Line: --add-modules=ALL-SYSTEM --add-opens=java.base/java.util=ALL-UNNAMED --add-opens=java.base/java.lang=ALL-UNNAMED --add-opens=java.base/sun.nio.fs=ALL-UNNAMED -Declipse.application=org.eclipse.jdt.ls.core.id1 -Dosgi.bundles.defaultStartLevel=4 -Declipse.product=org.eclipse.jdt.ls.core.product -Djava.import.generatesMetadataFilesAtProjectRoot=false -Dfile.encoding=utf8 -DwatchParentProcess=false -XX:+UseParallelGC -XX:GCTimeRatio=4 -XX:AdaptiveSizePolicyWeight=90 -Dsun.zip.disableMemoryMapping=true -Xmx1G -Xms100m -Xlog:jni+resolve=off -javaagent:c:\Users\Mita\.vscode\extensions\redhat.java-1.10.0-win32-x64\lombok\lombok-1.18.24.jar -XX:+HeapDumpOnOutOfMemoryError -XX:HeapDumpPath=c:\Users\Mita\AppData\Roaming\Code\User\workspaceStorage\e8e741c6508175c276b0f33d380d1439\redhat.java c:\Users\Mita\.vscode\extensions\redhat.java-1.10.0-win32-x64\server\plugins\org.eclipse.equinox.launcher_1.6.400.v20210924-0641.jar -configuration c:\Users\Mita\AppData\Roaming\Code\User\globalStorage\redhat.java\1.10.0\config_win -data c:\Users\Mita\AppData\Roaming\Code\User\workspaceStorage\e8e741c6508175c276b0f33d380d1439\redhat.java\jdt_ws

Host: Intel(R) Core(TM) i7-3630QM CPU @ 2.40GHz, 8 cores, 7G,  Windows 11 , 64 bit Build 22000 (10.0.22000.708)
Time: Wed Sep 28 03:36:48 2022 Hora estándar de Argentina elapsed time: 4163.009253 seconds (0d 1h 9m 23s)

---------------  T H R E A D  ---------------

Current thread (0x000001ffa7cb6550):  JavaThread "Java indexing" daemon [_thread_in_Java, id=10264, stack(0x000000e8b0800000,0x000000e8b0900000)]

Stack: [0x000000e8b0800000,0x000000e8b0900000],  sp=0x000000e8b08fea80,  free space=1018k
Native frames: (J=compiled Java code, j=interpreted, Vv=VM code, C=native code)
C  0x000001ff9c750d93


siginfo: EXCEPTION_ACCESS_VIOLATION (0xc0000005), reading address 0x00000000ea341530


Register to memory mapping:

RIP=0x000001ff9c750d93 is at entry_point+211 in (nmethod*)0x000001ff9c750a90
RAX=0x00000000ead6a5d8 is an oop: [I 
{0x00000000ead6a5d8} - klass: {type array int}
 - length: 1
RBX=0x00000000eac318a0 is an oop: [Ljava.lang.Object; 
{0x00000000eac318a0} - klass: 'java/lang/Object'[]
 - length: 243708
RCX=0x00000000c70117c8 is an oop: org.eclipse.jdt.internal.compiler.util.HashtableOfObject 
{0x00000000c70117c8} - klass: 'org/eclipse/jdt/internal/compiler/util/HashtableOfObject'
 - ---- fields (total size 4 words):
 - public 'elementSize' 'I' @12  109925 (1ad65)
 - 'threshold' 'I' @16  139262 (21ffe)
 - public 'keyTable' '[[C' @20  a {type array char}[243708] {0x00000000eab438a0} (eab438a0)
 - public 'valueTable' '[Ljava/lang/Object;' @24  a 'java/lang/Object'[243708] {0x00000000eac318a0} (eac318a0)
RDX=0x00000000ead6a5d8 is an oop: [I 
{0x00000000ead6a5d8} - klass: {type array int}
 - length: 1
RSP=0x000000e8b08fea80 is pointing into the stack for thread: 0x000001ffa7cb6550
RBP=0x00000000eacbacec points into unknown readable memory: 28 15 34 ea
RSI=0x0000000000000045 is an unknown value
RDI=536904052 is a compressed pointer to class: 0x0000000100040ba0
R8 =0x00000000eac318a0 is an oop: [Ljava.lang.Object; 
{0x00000000eac318a0} - klass: 'java/lang/Object'[]
 - length: 243708
R9 =0x000000000002250f is an unknown value
R10=0x00000000ea341528 is an unallocated location in the heap
R11=0x000000000003b7fc is an unknown value
R12=0x0 is NULL
R13=0x00000000c1eb5e38 is an oop: [C 
{0x00000000c1eb5e38} - klass: {type array char}
 - length: 12
R14=0x0000000000000005 is an unknown value
R15=0x000001ffa7cb6550 is a thread


Registers:
RAX=0x00000000ead6a5d8, RBX=0x00000000eac318a0, RCX=0x00000000c70117c8, RDX=0x00000000ead6a5d8
RSP=0x000000e8b08fea80, RBP=0x00000000eacbacec, RSI=0x0000000000000045, RDI=0x0000000020008174
R8 =0x00000000eac318a0, R9 =0x000000000002250f, R10=0x00000000ea341528, R11=0x000000000003b7fc
R12=0x0000000000000000, R13=0x00000000c1eb5e38, R14=0x0000000000000005, R15=0x000001ffa7cb6550
RIP=0x000001ff9c750d93, EFLAGS=0x0000000000010286

Top of Stack: (sp=0x000000e8b08fea80)
0x000000e8b08fea80:   00000000c70115c0 00000000c1eb5e38
0x000000e8b08fea90:   00000000c70117c8 00017ccaeac318a0
0x000000e8b08feaa0:   000001ff0003b7fc 00000000eac318a0
0x000000e8b08feab0:   00000000c70117a8 000001ffa7cb6550
0x000000e8b08feac0:   000000000000003f 000000000000003f
0x000000e8b08fead0:   0000000000000000 00000000eae2bba0
0x000000e8b08feae0:   00000000eae2ba90 000000000000003e
0x000000e8b08feaf0:   00000000c7767368 000001ff9c087b68
0x000000e8b08feb00:   000000e8b08feb80 00007ff9c611ed16
0x000000e8b08feb10:   000000e8b08fed68 00007ffa096c21f3
0x000000e8b08feb20:   00000000c70115c0 00000000c1eb5e38
0x000000e8b08feb30:   00000000c6999a70 00000000c7011618
0x000000e8b08feb40:   00000000c70117a8 00000000c701bb30
0x000000e8b08feb50:   c6b09f80c701bb30 0002ef700002ef6c
0x000000e8b08feb60:   00000000c6b09f80 00000000c70117c8
0x000000e8b08feb70:   00000000eae31e60 00000001c7767368 

Instructions: (pc=0x000001ff9c750d93)
0x000001ff9c750c93:   64 01 f8 cd f5 05 50 00 c0 0a 64 05 64 0f 64 00
0x000001ff9c750ca3:   00 00 00 00 00 00 00 00 00 00 00 00 00 00 00 00
0x000001ff9c750cb3:   00 00 00 00 00 00 00 00 00 00 00 00 00 44 8b 52
0x000001ff9c750cc3:   08 49 c1 e2 03 49 3b c2 0f 85 af ba 88 f7 66 66
0x000001ff9c750cd3:   90 0f 1f 84 00 00 00 00 00 66 66 66 90 89 84 24
0x000001ff9c750ce3:   00 90 ff ff 55 48 83 ec 70 48 89 7c 24 30 4c 89
0x000001ff9c750cf3:   44 24 08 48 89 14 24 49 8b c9 45 8b 41 18 45 8b
0x000001ff9c750d03:   58 0c 49 8b d8 45 85 db 0f 86 ff 00 00 00 45 8b
0x000001ff9c750d13:   cb 41 ff c9 45 3b cb 0f 83 88 0c 00 00 45 8b 48
0x000001ff9c750d23:   08 41 81 f9 c4 ae 00 20 0f 85 9f 0c 00 00 45 33
0x000001ff9c750d33:   c9 eb 4f 66 66 0f 1f 84 00 00 00 00 00 48 8b 4c
0x000001ff9c750d43:   24 10 44 8b 44 24 18 44 8b 5c 24 20 48 8b 5c 24
0x000001ff9c750d53:   28 44 8b 4c 24 1c 8b 78 08 81 ff 74 81 00 20 0f
0x000001ff9c750d63:   85 2c 0f 00 00 44 8b 50 0c 41 81 fa 00 01 00 00
0x000001ff9c750d73:   0f 8d b4 09 00 00 41 ff c1 45 3b cb 0f 8d 8b 00
0x000001ff9c750d83:   00 00 4b 8d 6c 88 10 44 8b 55 00 45 85 d2 74 e6
0x000001ff9c750d93:   41 8b 7a 08 49 8b d2 81 ff 7b 0b 11 20 75 66 44
0x000001ff9c750da3:   89 4c 24 1c 48 89 5c 24 28 44 89 5c 24 20 44 89
0x000001ff9c750db3:   44 24 18 48 89 4c 24 10 e8 20 f3 bc f8 4c 8b d8
0x000001ff9c750dc3:   44 89 5d 00 4c 8b d5 49 c1 ea 09 49 bb 00 00 6e
0x000001ff9c750dd3:   90 ff 01 00 00 47 88 24 13 48 85 c0 0f 85 5b ff
0x000001ff9c750de3:   ff ff ba 5c ff ff ff 48 8b 2c 24 4c 8b 54 24 08
0x000001ff9c750df3:   4c 89 14 24 4c 8b 54 24 10 4c 89 54 24 08 66 90
0x000001ff9c750e03:   e8 f8 11 89 f7 48 8b c2 e9 49 ff ff ff 48 8b 3c
0x000001ff9c750e13:   24 44 8b 57 3c 44 8b 4f 2c 45 85 d2 0f 84 d3 0b
0x000001ff9c750e23:   00 00 48 89 5c 24 18 44 89 5c 24 14 44 89 44 24
0x000001ff9c750e33:   10 48 8b e9 49 8b d2 4c 8b 44 24 08 e8 fc e0 08
0x000001ff9c750e43:   f9 4c 8b 1c 24 45 8b 53 48 45 85 d2 0f 84 b7 0b
0x000001ff9c750e53:   00 00 4c 89 5c 24 20 49 8b d2 45 33 c9 4c 8b 44
0x000001ff9c750e63:   24 08 66 90 e8 f4 36 a1 ff 44 8b 4d 0c 48 8b 14
0x000001ff9c750e73:   24 4c 8b 44 24 30 66 90 e8 20 43 94 ff 44 8b 5d
0x000001ff9c750e83:   14 45 8b 43 0c 45 85 c0 0f 86 e8 06 00 00 8b 4c 


Stack slot to memory mapping:
stack at sp + 0 slots: 0x00000000c70115c0 is an oop: org.eclipse.jdt.internal.core.index.DiskIndex 
{0x00000000c70115c0} - klass: 'org/eclipse/jdt/internal/core/index/DiskIndex'
 - ---- fields (total size 11 words):
 - private 'headerInfoOffset' 'I' @12  21 (15)
 - private 'numberOfChunks' 'I' @16  1
 - private 'sizeOfLastChunk' 'I' @20  95 (5f)
 - private 'documentReferenceSize' 'I' @24  1
 - private 'startOfCategoryTables' 'I' @28  1182 (49e)
 - private 'cacheUserCount' 'I' @32  -1 (ffffffff)
 - private 'bufferIndex' 'I' @36  1662 (67e)
 - private 'bufferEnd' 'I' @40  0
 - private 'streamEnd' 'I' @44  3688 (e68)
 - 'separator' 'C' @48  / 47 (2f)
 - 'indexLocation' 'Lorg/eclipse/jdt/internal/core/index/IndexLocation;' @52  a 'org/eclipse/jdt/internal/core/index/FileIndexLocation'{0x00000000c7011e80} (c7011e80)
 - private 'chunkOffsets' '[I' @56  [I{0x00000000c7012218} (c7012218)
 - private 'categoryOffsets' 'Lorg/eclipse/jdt/internal/compiler/util/HashtableOfIntValues;' @60  a 'org/eclipse/jdt/internal/compiler/util/HashtableOfIntValues'{0x00000000c7012230} (c7012230)
 - private 'categoryEnds' 'Lorg/eclipse/jdt/internal/compiler/util/HashtableOfIntValues;' @64  a 'org/eclipse/jdt/internal/compiler/util/HashtableOfIntValues'{0x00000000c70122b0} (c70122b0)
 - private 'cachedChunks' '[[Ljava/lang/String;' @68  NULL (0)
 - private 'categoryTables' 'Lorg/eclipse/jdt/internal/compiler/util/HashtableOfObject;' @72  a 'org/eclipse/jdt/internal/compiler/util/HashtableOfObject'{0x00000000c7012330} (c7012330)
 - private 'cachedCategoryName' '[C' @76  NULL (0)
 - private 'streamBuffer' '[B' @80  [B{0x00000000c7012410} (c7012410)
stack at sp + 1 slots: 0x00000000c1eb5e38 is an oop: [C 
{0x00000000c1eb5e38} - klass: {type array char}
 - length: 12
stack at sp + 2 slots: 0x00000000c70117c8 is an oop: org.eclipse.jdt.internal.compiler.util.HashtableOfObject 
{0x00000000c70117c8} - klass: 'org/eclipse/jdt/internal/compiler/util/HashtableOfObject'
 - ---- fields (total size 4 words):
 - public 'elementSize' 'I' @12  109925 (1ad65)
 - 'threshold' 'I' @16  139262 (21ffe)
 - public 'keyTable' '[[C' @20  a {type array char}[243708] {0x00000000eab438a0} (eab438a0)
 - public 'valueTable' '[Ljava/lang/Object;' @24  a 'java/lang/Object'[243708] {0x00000000eac318a0} (eac318a0)
stack at sp + 3 slots: 0x00017ccaeac318a0 is an unknown value
stack at sp + 4 slots: 0x000001ff0003b7fc is an unknown value
stack at sp + 5 slots: 0x00000000eac318a0 is an oop: [Ljava.lang.Object; 
{0x00000000eac318a0} - klass: 'java/lang/Object'[]
 - length: 243708
stack at sp + 6 slots: 0x00000000c70117a8 is an oop: java.io.FileOutputStream 
{0x00000000c70117a8} - klass: 'java/io/FileOutputStream'
 - ---- fields (total size 4 words):
 - private volatile 'closed' 'Z' @12  false
 - private final 'fd' 'Ljava/io/FileDescriptor;' @16  a 'java/io/FileDescriptor'{0x00000000c7011d48} (c7011d48)
 - private volatile 'channel' 'Ljava/nio/channels/FileChannel;' @20  NULL (0)
 - private final 'path' 'Ljava/lang/String;' @24  "C:\Users\Mita\AppData\Roaming\Code\User\workspaceStorage\e8e741c6508175c276b0f33d380d1439\redhat.java\jdt_ws\.metadata\.plugins\org.eclipse.jdt.core\1865797976.index.tmp"{0x00000000c7011818} (c7011818)
 - private final 'closeLock' 'Ljava/lang/Object;' @28  a 'java/lang/Object'{0x00000000c7011e70} (c7011e70)
stack at sp + 7 slots: 0x000001ffa7cb6550 is a thread

--------------------------------------------------------------------------------
[Constant Pool (empty)]

--------------------------------------------------------------------------------

[MachCode]
  0x000001ff9c750cc0: 448b 5208 | 49c1 e203 | 493b c20f | 85af ba88 | f766 6690 | 0f1f 8400 | 0000 0000 | 6666 6690 
  0x000001ff9c750ce0: 8984 2400 | 90ff ff55 | 4883 ec70 | 4889 7c24 | 304c 8944 | 2408 4889 | 1424 498b | c945 8b41 
  0x000001ff9c750d00: 1845 8b58 | 0c49 8bd8 | 4585 db0f | 86ff 0000 | 0045 8bcb | 41ff c945 | 3bcb 0f83 | 880c 0000 
  0x000001ff9c750d20: 458b 4808 | 4181 f9c4 | ae00 200f | 859f 0c00 | 0045 33c9 | eb4f 6666 | 0f1f 8400 | 0000 0000 
  0x000001ff9c750d40: 488b 4c24 | 1044 8b44 | 2418 448b | 5c24 2048 | 8b5c 2428 | 448b 4c24 | 1c8b 7808 | 81ff 7481 
  0x000001ff9c750d60: 0020 0f85 | 2c0f 0000 | 448b 500c | 4181 fa00 | 0100 000f | 8db4 0900 | 0041 ffc1 | 453b cb0f 
  0x000001ff9c750d80: 8d8b 0000 | 004b 8d6c | 8810 448b | 5500 4585 | d274 e641 | 8b7a 0849 | 8bd2 81ff | 7b0b 1120 
  0x000001ff9c750da0: 7566 4489 | 4c24 1c48 | 895c 2428 | 4489 5c24 | 2044 8944 | 2418 4889 | 4c24 10e8 | 20f3 bcf8 
  0x000001ff9c750dc0: 4c8b d844 | 895d 004c | 8bd5 49c1 | ea09 49bb | 0000 6e90 | ff01 0000 | 4788 2413 | 4885 c00f 
  0x000001ff9c750de0: 855b ffff | ffba 5cff | ffff 488b | 2c24 4c8b | 5424 084c | 8914 244c | 8b54 2410 | 4c89 5424 
  0x000001ff9c750e00: 0866 90e8 | f811 89f7 | 488b c2e9 | 49ff ffff | 488b 3c24 | 448b 573c | 448b 4f2c | 4585 d20f 
  0x000001ff9c750e20: 84d3 0b00 | 0048 895c | 2418 4489 | 5c24 1444 | 8944 2410 | 488b e949 | 8bd2 4c8b | 4424 08e8 
  0x000001ff9c750e40: fce0 08f9 | 4c8b 1c24 | 458b 5348 | 4585 d20f | 84b7 0b00 | 004c 895c | 2420 498b | d245 33c9 
  0x000001ff9c750e60: 4c8b 4424 | 0866 90e8 | f436 a1ff | 448b 4d0c | 488b 1424 | 4c8b 4424 | 3066 90e8 | 2043 94ff 
  0x000001ff9c750e80: 448b 5d14 | 458b 430c | 4585 c00f | 86e8 0600 | 008b 4c24 | 1485 c90f | 867f 0b00 | 0045 8bc8 
  0x000001ff9c750ea0: 41ff c944 | 3bc9 0f83 | 700b 0000 | 4d8b d34c | 8914 2433 | dbe9 4301 | 0000 458b | d33b 5c24 
  0x000001ff9c750ec0: 407d 3744 | 8b5c 243c | 410f b77c | 5b10 448b | db41 d1e3 | 4403 db44 | 03d9 448b | cf41 83e1 
  0x000001ff9c750ee0: 7f45 8bc3 | 41ff c044 | 3bcf 0f85 | e00c 0000 | c4c1 797e | cae9 0d02 | 0000 458b | dac4 c179 
  0x000001ff9c750f00: 7eca 418b | cbc5 f97e | dbc5 f97e | d68b 5424 | 448b f92b | fb44 8b5c | 2438 458b | 5b08 03fe 
  0x000001ff9c750f20: 4c8b 4424 | 2841 8978 | 2c41 81fb | 7481 0020 | 0f85 3f0d | 0000 4c8b | 4424 0845 | 8b48 0c41 
  0x000001ff9c750f40: 83f9 010f | 85c3 0500 | 0045 85c9 | 0f86 5609 | 0000 4533 | db45 2b58 | 108b d983 | c304 81fb 
  0x000001ff9c750f60: 0008 0000 | 0f8d c609 | 0000 458b | cb41 c1f9 | 1844 8bc1 | 41ff c048 | 8b74 2428 | 4489 4624 
  0x000001ff9c750f80: 3bca 0f83 | 9408 0000 | 4588 4c0a | 1044 8bc9 | 4183 c103 | 8bf1 83c6 | 0248 8b44 | 2428 8970 
  0x000001ff9c750fa0: 2441 8bc3 | c1f8 1044 | 3bca 0f83 | b408 0000 | 488b 5424 | 2889 5a24 | 83c7 0489 | 7a2c 458b 
  0x000001ff9c750fc0: cb41 c1f9 | 084c 63c1 | 4388 4402 | 1147 884c | 0212 4788 | 5c02 138b | 4c24 1044 | 8b5c 2414 
  0x000001ff9c750fe0: 448b 4424 | 208b 5c24 | 24ff c341 | 3bd8 0f8d | 8505 0000 | 4889 5424 | 2089 4c24 | 108b 4c24 
  0x000001ff9c751000: 1044 8b6c | 9910 4585 | ed75 0748 | 8b54 2420 | ebd7 413b | d80f 8349 | 0700 0041 | 8b54 9b10 
  0x000001ff9c751020: 4c8b 4c24 | 2041 8b79 | 2449 8bc5 | 448b d741 | 83c2 0241 | 81fa 0008 | 0000 0f8d | 6406 0000 
  0x000001ff9c751040: 8b7a 0c89 | 7c24 4048 | 8944 2408 | 8954 243c | 4489 6c24 | 3889 5c24 | 2444 8944 | 2420 4489 
  0x000001ff9c751060: 5c24 1489 | 4c24 1045 | 8b59 2445 | 8b51 504c | 894c 2428 | 458b c341 | ffc0 4589 | 4124 448b 
  0x000001ff9c751080: cf41 c1e9 | 0841 8b4a | 0c44 3bd9 | 0f83 0e07 | 0000 4788 | 4c1a 1041 | 8bdb 83c3 | 024c 8b4c 
  0x000001ff9c7510a0: 2428 4189 | 5924 443b | c10f 832d | 0700 00be | 0200 0000 | 4103 712c | 4189 712c | 448b c741 
  0x000001ff9c7510c0: d1e0 4403 | c74d 63cb | 4388 7c0a | 1141 81f8 | 0008 0000 | 0f8f 0a08 | 0000 4503 | c341 83c0 
  0x000001ff9c7510e0: 0248 8bea | 4181 f800 | 0800 000f | 8f47 0400 | 0041 8b52 | 0c44 8b6c | 2440 41ff | cd45 33c9 
  0x000001ff9c751100: eb35 c4c1 | 797e ca41 | 8bcb 448b | cbc5 f97e | dbc5 f97e | d6c4 e1f9 | 7ee5 8b54 | 2444 4c8b 
  0x000001ff9c751120: 5c24 2845 | 8943 2441 | ffc1 3bca | 0f83 1605 | 0000 4188 | 7c0a 104c | 8b5c 2428 | 418b 4b24 
  0x000001ff9c751140: 4d8b 9f48 | 0300 0041 | 8503 443b | 4c24 400f | 8dbc fdff | ff44 3b4c | 2440 0f83 | 9204 0000 
  0x000001ff9c751160: 443b 6c24 | 400f 8387 | 0400 0044 | 8b44 243c | 430f b77c | 4810 448b | c141 ffc0 | 448b df41 
  0x000001ff9c751180: 83e3 7f44 | 3bdf 7496 | 8954 2444 | c4e1 f96e | e5c5 f96e | d6c5 f96e | dbc4 c179 | 6eca 448b 
  0x000001ff9c7511a0: d741 81e2 | ff07 0000 | 8bd1 83c2 | 028b c783 | e03f 448b | f741 c1ee | 0681 c880 | 0000 0044 
  0x000001ff9c7511c0: 3bd7 0f84 | d003 0000 | 4c8b 5424 | 2845 8942 | 2444 8bd7 | 41c1 ea0c | 4181 cae0 | 0000 003b 
  0x000001ff9c7511e0: 4c24 440f | 8353 0800 | 00c4 c179 | 7ecb 4588 | 540b 104c | 8b54 2428 | 4189 5224 | 4183 e63f 
  0x000001ff9c751200: 4181 ce80 | 0000 003b | 5424 440f | 8397 0800 | 004c 63d9 | c4c1 797e | ca47 8874 | 1a11 4388 
  0x000001ff9c751220: 441a 1241 | 8bd9 ffc3 | 448b d941 | 83c3 034c | 8b44 2428 | 4589 5824 | 3b5c 2440 | 0f8d c0fc 
  0x000001ff9c751240: ffff 458b | d941 d1e3 | 4503 d941 | 2bcb 448b | 5c24 3c41 | 0fb7 7c5b | 1044 8bdb | 41d1 e344 
  0x000001ff9c751260: 03db 4403 | d98b f783 | e67f 458b | c341 ffc0 | 3bf7 0f84 | 8ffe ffff | c4c1 796e | ca8b c783 
  0x000001ff9c751280: e03f 418b | d383 c202 | 81c8 8000 | 0000 448b | d741 81e2 | ff07 0000 | 448b f741 | c1ee 0644 
  0x000001ff9c7512a0: 3bd7 0f84 | ea02 0000 | 4c8b 5424 | 2845 8942 | 2444 8bd7 | 41c1 ea0c | 4181 cae0 | 0000 0044 
  0x000001ff9c7512c0: 3b5c 2444 | 0f83 7807 | 0000 c5f9 | 7ece 4688 | 541e 104c | 8b54 2428 | 4189 5224 | 4183 e63f 
  0x000001ff9c7512e0: 4181 ce80 | 0000 003b | 5424 440f | 83ba 0700 | 004d 63c3 | 448b d647 | 8874 0211 | 4388 4402 
  0x000001ff9c751300: 1241 83c3 | 034c 8b54 | 2428 4589 | 5a24 458b | d141 83c2 | 0249 63f2 | 8bf9 83c7 | 0248 63e9 
  0x000001ff9c751320: 4c63 f74c | 8bc5 49f7 | d848 b856 | 5555 5555 | 5555 5549 | f7e8 c4e1 | f96e c249 | 8bfe 48f7 
  0x000001ff9c751340: df48 b856 | 5555 5555 | 5555 5548 | f7ef 488b | c249 c1f8 | 3fc4 e1f9 | 7ec2 492b | d048 c1ff 
  0x000001ff9c751360: 3f4c 8bc0 | 4c2b c749 | 8bf8 4c8b | c249 83c0 | 0149 8bc0 | 4c8b c749 | 83c0 014c | 8944 2448 
  0x000001ff9c751380: 41b8 ffff | ff7f 488b | 7c24 4848 | 81ff ffff | ff7f 490f | 4ff8 4881 | f8ff ffff | 7f48 8bd0 
  0x000001ff9c7513a0: 490f 4fd0 | 8bff 448b | c248 3bf0 | 450f 4cd0 | 4d63 c24c | 3b44 2448 | 440f 4cd7 | 443b 5424 
  0x000001ff9c7513c0: 4044 8b44 | 2440 450f | 4fd0 ffc3 | 413b da7d | 0ac4 c179 | 7eca e973 | feff ff4c | 6354 2444 
  0x000001ff9c7513e0: 4d8b c24c | 2bc5 4d2b | d648 b856 | 5555 5555 | 5555 5549 | f7e8 488b | fa48 b856 | 5555 5555 
  0x000001ff9c751400: 5555 5549 | f7ea 4c63 | 4c24 4049 | c1f8 3f49 | 2bf8 488b | f749 c1fa | 3f4c 8bc2 | 4d2b c249 
  0x000001ff9c751420: 8bc0 49c7 | c200 0000 | 8049 81f8 | 0000 0080 | 498b f849 | 0f4c fa48 | 81fe 0000 | 0080 4c8b 
  0x000001ff9c751440: c64d 0f4c | c244 8bd7 | 418b f84c | 3bce 8b54 | 2440 0f4f | d74c 63c2 | 4c3b c041 | 0f4f d23b 
  0x000001ff9c751460: da0f 8d53 | faff ff66 | 0f1f 8400 | 0000 0000 | 448b 5424 | 3c41 0fb7 | 7c5a 1044 | 8bdb 41d1 
  0x000001ff9c751480: e344 03db | 4403 d944 | 8bcf 4183 | e17f 458b | c341 ffc0 | 443b cf0f | 8465 fcff | ff8b c783 
  0x000001ff9c7514a0: e03f 448b | d741 81e2 | ff07 0000 | 81c8 8000 | 0000 448b | f741 c1ee | 0644 3bd7 | 0f84 ca00 
  0x000001ff9c7514c0: 0000 4d63 | c345 8bd3 | 4183 c203 | 4c8b 4c24 | 2845 8951 | 24c1 ef0c | 4183 e63f | 81cf e000 
  0x000001ff9c7514e0: 0000 c4c1 | 797e c943 | 887c 1910 | 4181 ce80 | 0000 0047 | 8874 0111 | 4388 4401 | 12ff c33b 
  0x000001ff9c751500: da0f 8c69 | ffff ffe9 | b1f9 ffff | 488b 5424 | 284c 8b4c | 2430 90e8 | c44e 93ff | 488b 5424 
  0x000001ff9c751520: 288b 4c24 | 1044 8b5c | 2414 448b | 4424 208b | 5c24 24e9 | b1fa ffff | 4c8b 5c24 | 3045 8b43 
  0x000001ff9c751540: 1041 0fb6 | 7019 4d8b | c248 8b54 | 2430 4533 | c98b fbe8 | 6014 4fff | 4c8b 5c24 | 2845 8963 
  0x000001ff9c751560: 2445 8b53 | 5045 85d2 | 0f84 0204 | 0000 418b | 732c 33db | e978 fbff | ff48 83c4 | 705d 493b 
  0x000001ff9c751580: a740 0300 | 000f 87dd | 0700 00c3 | 418b d383 | c202 418b | cb44 8bcb | 4c8b 5424 | 2845 8942 
  0x000001ff9c7515a0: 2441 83e6 | 1f41 81ce | c000 0000 | 41ff c13b | 4c24 440f | 8357 0500 | 00c4 c179 | 7eca 4588 
  0x000001ff9c7515c0: 740a 104c | 8b5c 2428 | 4189 5324 | 443b 4424 | 440f 839d | 0500 0043 | 8844 0210 | c5f9 7edb 
  0x000001ff9c7515e0: c5f9 7ed6 | c4e1 f97e | e58b 5424 | 44e9 45fb | ffff ba76 | ffff ff48 | 8b6c 2428 | 4c8b 5424 
  0x000001ff9c751600: 304c 8914 | 2444 8b54 | 2410 4489 | 5424 0844 | 8b5c 2414 | 4489 5c24 | 0c44 8b54 | 2424 4489 
  0x000001ff9c751620: 5424 1044 | 8b5c 2420 | 4489 5c24 | 1444 8b54 | 2438 4489 | 5424 1889 | 5c24 3044 | 894c 2434 
  0x000001ff9c751640: 6666 90e8 | b809 89f7 | 400f beef | bae4 ffff | ff4c 8b5c | 2430 4c89 | 5c24 0844 | 8b44 2424 
  0x000001ff9c751660: 4489 4424 | 1844 8b44 | 2420 4489 | 4424 1c44 | 8b5c 2438 | 4489 5c24 | 2044 8b44 | 243c 4489 
  0x000001ff9c751680: 4424 2444 | 894c 2430 | 448b 4424 | 4044 8944 | 2434 895c | 2438 4489 | 5424 3c89 | 4c24 40e8 
  0x000001ff9c7516a0: 5c09 89f7 | 418b 6950 | 4c8b 7424 | 3045 8b56 | 1041 0fb6 | 7219 4889 | 4424 3889 | 5424 2c44 
  0x000001ff9c7516c0: 896c 2428 | 895c 2414 | 48ff 3424 | 488f 4424 | 2044 8944 | 2410 4489 | 5c24 0c89 | 4c24 084c 
  0x000001ff9c7516e0: 890c 244c | 8bc5 488b | 5424 3045 | 33c9 488b | 2c24 90e8 | c012 4fff | 4c8b cd45 | 8961 248b 
  0x000001ff9c751700: 4c24 0844 | 8b5c 240c | 448b 4424 | 1048 ff74 | 2420 488f | 0424 8b5c | 2414 448b | 6c24 288b 
  0x000001ff9c751720: 5424 2c48 | 8b44 2438 | e913 f9ff | ffba 45ff | ffff 488b | 2c24 488b | 5c24 0848 | 891c 2448 
  0x000001ff9c751740: 894c 2408 | 4489 4424 | 1844 894c | 241c 4489 | 5c24 2048 | 8944 2428 | 4489 5424 | 2466 90e8 
  0x000001ff9c751760: 9c08 89f7 | bae4 ffff | ff4c 8b54 | 2430 4889 | 4424 f88b | 4424 1089 | 4424 0848 | 8b44 24f8 
  0x000001ff9c751780: 4489 4424 | 1444 896c | 2418 4c89 | 5424 2844 | 895c 241c | 895c 2430 | 6666 90e8 | 6008 89f7 
  0x000001ff9c7517a0: 410f bee9 | bae4 ffff | ff89 5c24 | 1844 8b44 | 2420 4489 | 4424 1c44 | 896c 2420 | 448b 4c24 
  0x000001ff9c7517c0: 3c44 894c | 2424 897c | 2438 4489 | 5424 3c44 | 895c 2440 | 6666 90e8 | 2408 89f7 | 400f beef 
  0x000001ff9c7517e0: bae4 ffff | ff44 8b5c | 2424 4489 | 5c24 1844 | 8b4c 2420 | 4489 4c24 | 1c44 896c | 2420 448b 
  0x000001ff9c751800: 5c24 3c44 | 895c 2424 | 897c 2438 | 4489 5424 | 3c44 8944 | 2440 90e8 | e407 89f7 | bae4 ffff 
  0x000001ff9c751820: ff8b 5c24 | 1089 5c24 | 0844 8b44 | 2414 4489 | 4424 0c8b | 5c24 2489 | 5c24 1044 | 8b44 2420 
  0x000001ff9c751840: 4489 4424 | 1448 8974 | 2418 4489 | 5c24 2044 | 8954 2424 | 894c 2428 | 4489 4c24 | 2c66 90e8 
  0x000001ff9c751860: 9c07 89f7 | 0fbe e8ba | e4ff ffff | 4c8b 4c24 | 304c 894c | 2408 8b4c | 2424 894c | 2418 448b 
  0x000001ff9c751880: 4c24 2044 | 894c 241c | 4c8b 4c24 | 284c 894c | 2420 4489 | 5c24 2844 | 8954 242c | 4489 4424 
  0x000001ff9c7518a0: 3066 90e8 | 5807 89f7 | bae4 ffff | ff48 8b6c | 2428 448b | 5424 1044 | 8954 2408 | 448b 5c24 
  0x000001ff9c7518c0: 1444 895c | 240c 448b | 5424 2444 | 8954 2410 | 448b 5c24 | 2044 895c | 2414 4c89 | 4424 28e8 
  0x000001ff9c7518e0: 1c07 89f7 | ba45 ffff | ff48 8b6c | 2428 448b | 5c24 1044 | 895c 2408 | 448b 5424 | 1444 8954 
  0x000001ff9c751900: 240c 448b | 5c24 2444 | 895c 2410 | 448b 5424 | 2044 8954 | 2414 4489 | 6c24 184c | 8b54 2430 
  0x000001ff9c751920: 4c89 5424 | 2844 8944 | 2438 90e8 | d006 89f7 | ba45 ffff | ff48 8b6c | 2428 448b | 4424 1044 
  0x000001ff9c751940: 8944 2408 | 448b 5424 | 1444 8954 | 240c 448b | 4424 2444 | 8944 2410 | 448b 5424 | 2044 8954 
  0x000001ff9c751960: 2414 4489 | 5c24 2889 | 5c24 2ce8 | 9006 89f7 | ba76 ffff | ff44 8b44 | 2410 4489 | 4424 0844 
  0x000001ff9c751980: 8b54 2414 | 4489 5424 | 0c44 8b44 | 2424 4489 | 4424 1044 | 8b54 2420 | 4489 5424 | 144c 895c 
  0x000001ff9c7519a0: 2420 90e8 | 5806 89f7 | ba76 ffff | ff48 8b2c | 244c 8b54 | 2408 4c89 | 1424 4889 | 4c24 0844 
  0x000001ff9c7519c0: 8944 2418 | 4489 5c24 | 2066 90e8 | 3006 89f7 | babe ffff | ff48 8b2c | 244c 8b54 | 2408 4c89 
  0x000001ff9c7519e0: 1424 4889 | 4c24 0844 | 8944 2418 | 4489 5c24 | 2066 90e8 | 0806 89f7 | baf6 ffff | ff48 8b6c 
  0x000001ff9c751a00: 2408 4489 | 0c24 90e8 | f405 89f7 | baf6 ffff | ff48 8b6c | 2408 90e8 | e405 89f7 | ba76 ffff 
  0x000001ff9c751a20: ff44 8b54 | 2410 4489 | 5424 0844 | 895c 240c | 4489 4424 | 1466 90e8 | c405 89f7 | 448b d941 
  0x000001ff9c751a40: 8bd9 410f | beea ffc3 | bae4 ffff | ff4c 8b54 | 2430 4c89 | 5424 0844 | 8b54 2424 | 4489 5424 
  0x000001ff9c751a60: 1844 8b54 | 2420 4489 | 5424 1c44 | 8b44 2438 | 4489 4424 | 2044 8b54 | 243c 4489 | 5424 2489 
  0x000001ff9c751a80: 5c24 3044 | 8b54 2440 | 4489 5424 | 34c5 fa11 | 5c24 3889 | 7c24 3cc5 | fa11 4c24 | 4044 895c 
  0x000001ff9c751aa0: 2444 90e8 | 5805 89f7 | 418b d941 | 0fbe eeff | c3ba e4ff | ffff 4c8b | 5424 304c | 8954 2408 
  0x000001ff9c751ac0: 448b 5c24 | 2444 895c | 2418 448b | 5c24 2044 | 895c 241c | 448b 5c24 | 3844 895c | 2420 448b 
  0x000001ff9c751ae0: 5424 3c44 | 8954 2424 | 895c 2430 | 448b 5424 | 4044 8954 | 2434 c5fa | 115c 2438 | 897c 243c 
  0x000001ff9c751b00: c5fa 114c | 2440 4489 | 4424 44e8 | f004 89f7 | 410f beee | bae4 ffff | ff4c 8b54 | 2430 4c89 
  0x000001ff9c751b20: 5424 0844 | 8b54 2424 | 4489 5424 | 1844 8b5c | 2420 4489 | 5c24 1c44 | 8b54 2438 | 4489 5424 
  0x000001ff9c751b40: 2044 8b5c | 243c 4489 | 5c24 2444 | 894c 2430 | 448b 5c24 | 4044 895c | 2434 c5fa | 115c 2438 
  0x000001ff9c751b60: 897c 243c | c5fa 114c | 2440 894c | 2444 90e8 | 8c04 89f7 | 0fbe e8ba | e4ff ffff | 4c8b 5c24 
  0x000001ff9c751b80: 304c 895c | 2408 8b4c | 2424 894c | 2418 8b4c | 2420 894c | 241c 8b4c | 2438 894c | 2420 448b 
  0x000001ff9c751ba0: 5c24 3c44 | 895c 2424 | 4489 4c24 | 3044 8b5c | 2440 4489 | 5c24 34c5 | fa11 5c24 | 38c5 fa11 
  0x000001ff9c751bc0: 4c24 3c44 | 8944 2440 | 6666 90e8 | 3004 89f7 | 418b d383 | c202 448b | cf41 81e1 | ff07 0000 
  0x000001ff9c751be0: 448b f741 | c1ee 068b | c783 e03f | 81c8 8000 | 0000 443b | cf0f 8497 | f9ff ff4c | 8b54 2428 
  0x000001ff9c751c00: 4589 4224 | 448b d741 | c1ea 0c41 | 81ca e000 | 0000 443b | 5c24 440f | 8325 feff | ffc4 c179 
  0x000001ff9c751c20: 7ec9 4788 | 5419 104c | 8b54 2428 | 4189 5224 | 4183 e63f | 4181 ce80 | 0000 003b | 5424 440f 
  0x000001ff9c751c40: 8366 feff | ff4d 63c3 | c4c1 797e | ca47 8874 | 0211 4388 | 4402 1241 | 83c3 034c | 8b44 2428 
  0x000001ff9c751c60: 4589 5824 | ffc3 3b5c | 2440 0f8c | 53f2 ffff | e98d f2ff | ffba deff | ffff 448b | 5c24 1044 
  0x000001ff9c751c80: 895c 2408 | 448b 5424 | 1444 8954 | 240c 90e8 | 6c03 89f7 | bade ffff | ff48 8b2c | 244c 8b54 
  0x000001ff9c751ca0: 2408 4c89 | 1424 4889 | 4c24 0844 | 8944 2418 | 4489 4c24 | 1c44 895c | 2420 4889 | 4424 28e8 
  0x000001ff9c751cc0: 3c03 89f7 | baf6 ffff | ff66 90e8 | 3003 89f7 | 410f bee9 | baf6 ffff | ff44 891c | 2466 90e8 
  0x000001ff9c751ce0: 1c03 89f7 | baf6 ffff | ff41 8bea | 891c 24e8 | 0c03 89f7 | baf6 ffff | ff66 90e8 | 0003 89f7 
  0x000001ff9c751d00: baf6 ffff | ff66 90e8 | f402 89f7 | baf6 ffff | ff66 90e8 | e802 89f7 | baf6 ffff | ff66 90e8 
  0x000001ff9c751d20: dc02 89f7 | 488b d0eb | 1c48 8bd0 | eb17 488b | d0eb 1248 | 8bd0 eb0d | 488b d0eb | 0848 8bd0 
  0x000001ff9c751d40: eb03 488b | d048 83c4 | 705d e9b1 | 438a f7ba | f6ff ffff | 893c 24e8 | a402 89f7 | baf6 ffff 
  0x000001ff9c751d60: ff66 90e8 | 9802 89f7 | 49ba 7e15 | 759c ff01 | 0000 4d89 | 9758 0300 | 00e9 8213 | 89f7 f4f4 
  0x000001ff9c751d80: 48bb 909b | 62ba ff01 | 0000 e9c1 | f688 f748 | bb00 0000 | 0000 0000 | 00e9 fbff | ffff 48bb 
  0x000001ff9c751da0: 0000 0000 | 0000 0000 | e9fb ffff | ff48 bb00 | 0000 0000 | 0000 00e9 | fbff ffff | 48bb 0000 
  0x000001ff9c751dc0: 0000 0000 | 0000 e9fb | ffff ff48 | bb00 0000 | 0000 0000 | 00e9 fbff | ffff 48bb | 0000 0000 
  0x000001ff9c751de0: 0000 0000 | e9fb ffff | ffe9 1233 | 8af7 e800 | 0000 0048 | 832c 2405 | e9a3 0589 | f7f4 f4f4 
[/MachCode]
--------------------------------------------------------------------------------


---------------  P R O C E S S  ---------------

Threads class SMR info:
_java_thread_list=0x000001ffaaebc5d0, length=33, elements={
0x000001ff912f6270, 0x000001ffa5184f50, 0x000001ffa5186580, 0x000001ffa76cfdc0,
0x000001ffa76d2690, 0x000001ffa76d2f50, 0x000001ffa76fe010, 0x000001ffa76fec00,
0x000001ffa7703b10, 0x000001ffa77044b0, 0x000001ffa5011780, 0x000001ffa7a79010,
0x000001ffa7ec35f0, 0x000001ffa83da050, 0x000001ffa83da7d0, 0x000001ffa8cfab40,
0x000001ffa7feeed0, 0x000001ffa7ec1120, 0x000001ffa7cb6550, 0x000001ffa7cb5bb0,
0x000001ffaaac7ef0, 0x000001ffaaac83c0, 0x000001ffaaac9700, 0x000001ffaaac9bd0,
0x000001ffaaace400, 0x000001ffab228320, 0x000001ffab2222e0, 0x000001ffab229660,
0x000001ffab224490, 0x000001ffaaacaa40, 0x000001ffaaacb3e0, 0x000001ffaaac8890,
0x000001ffaaacdf30
}

Java Threads: ( => current thread )
  0x000001ff912f6270 JavaThread "main" [_thread_blocked, id=15412, stack(0x000000e8ae600000,0x000000e8ae700000)]
  0x000001ffa5184f50 JavaThread "Reference Handler" daemon [_thread_blocked, id=14252, stack(0x000000e8ae900000,0x000000e8aea00000)]
  0x000001ffa5186580 JavaThread "Finalizer" daemon [_thread_blocked, id=4880, stack(0x000000e8aea00000,0x000000e8aeb00000)]
  0x000001ffa76cfdc0 JavaThread "Signal Dispatcher" daemon [_thread_blocked, id=14924, stack(0x000000e8aeb00000,0x000000e8aec00000)]
  0x000001ffa76d2690 JavaThread "Attach Listener" daemon [_thread_blocked, id=13356, stack(0x000000e8aec00000,0x000000e8aed00000)]
  0x000001ffa76d2f50 JavaThread "Service Thread" daemon [_thread_blocked, id=13984, stack(0x000000e8aed00000,0x000000e8aee00000)]
  0x000001ffa76fe010 JavaThread "Monitor Deflation Thread" daemon [_thread_blocked, id=15384, stack(0x000000e8aee00000,0x000000e8aef00000)]
  0x000001ffa76fec00 JavaThread "C2 CompilerThread0" daemon [_thread_blocked, id=5768, stack(0x000000e8aef00000,0x000000e8af000000)]
  0x000001ffa7703b10 JavaThread "C1 CompilerThread0" daemon [_thread_blocked, id=3732, stack(0x000000e8af000000,0x000000e8af100000)]
  0x000001ffa77044b0 JavaThread "Sweeper thread" daemon [_thread_blocked, id=5868, stack(0x000000e8af100000,0x000000e8af200000)]
  0x000001ffa5011780 JavaThread "Common-Cleaner" daemon [_thread_blocked, id=4908, stack(0x000000e8af200000,0x000000e8af300000)]
  0x000001ffa7a79010 JavaThread "Notification Thread" daemon [_thread_blocked, id=16084, stack(0x000000e8af300000,0x000000e8af400000)]
  0x000001ffa7ec35f0 JavaThread "Active Thread: Equinox Container: f91426a7-686a-4e89-a389-ecce79f2e9c1" [_thread_blocked, id=6048, stack(0x000000e8afc00000,0x000000e8afd00000)]
  0x000001ffa83da050 JavaThread "Framework Event Dispatcher: Equinox Container: f91426a7-686a-4e89-a389-ecce79f2e9c1" daemon [_thread_blocked, id=1424, stack(0x000000e8af500000,0x000000e8af600000)]
  0x000001ffa83da7d0 JavaThread "Start Level: Equinox Container: f91426a7-686a-4e89-a389-ecce79f2e9c1" daemon [_thread_blocked, id=16196, stack(0x000000e8afb00000,0x000000e8afc00000)]
  0x000001ffa8cfab40 JavaThread "SCR Component Actor" daemon [_thread_blocked, id=7848, stack(0x000000e8afd00000,0x000000e8afe00000)]
  0x000001ffa7feeed0 JavaThread "Bundle File Closer" daemon [_thread_blocked, id=2104, stack(0x000000e8b0100000,0x000000e8b0200000)]
  0x000001ffa7ec1120 JavaThread "Worker-JM" [_thread_blocked, id=10880, stack(0x000000e8b0200000,0x000000e8b0300000)]
=>0x000001ffa7cb6550 JavaThread "Java indexing" daemon [_thread_in_Java, id=10264, stack(0x000000e8b0800000,0x000000e8b0900000)]
  0x000001ffa7cb5bb0 JavaThread "pool-1-thread-1" [_thread_in_native, id=13844, stack(0x000000e8b0000000,0x000000e8b0100000)]
  0x000001ffaaac7ef0 JavaThread "Java Debug Server" daemon [_thread_in_native, id=8004, stack(0x000000e8b1200000,0x000000e8b1300000)]
  0x000001ffaaac83c0 JavaThread "RxSchedulerPurge-1" daemon [_thread_blocked, id=11900, stack(0x000000e8b1900000,0x000000e8b1a00000)]
  0x000001ffaaac9700 JavaThread "RxCachedWorkerPoolEvictor-1" daemon [_thread_blocked, id=6460, stack(0x000000e8b1a00000,0x000000e8b1b00000)]
  0x000001ffaaac9bd0 JavaThread "ForkJoinPool.commonPool-worker-10" daemon [_thread_blocked, id=9344, stack(0x000000e8b0a00000,0x000000e8b0b00000)]
  0x000001ffaaace400 JavaThread "ForkJoinPool.commonPool-worker-11" daemon [_thread_blocked, id=9856, stack(0x000000e8b0c00000,0x000000e8b0d00000)]
  0x000001ffab228320 JavaThread "ForkJoinPool.commonPool-worker-19" daemon [_thread_blocked, id=7208, stack(0x000000e8ae500000,0x000000e8ae600000)]
  0x000001ffab2222e0 JavaThread "ForkJoinPool.commonPool-worker-21" daemon [_thread_blocked, id=4248, stack(0x000000e8b0700000,0x000000e8b0800000)]
  0x000001ffab229660 JavaThread "ForkJoinPool.commonPool-worker-22" daemon [_thread_blocked, id=9672, stack(0x000000e8b0d00000,0x000000e8b0e00000)]
  0x000001ffab224490 JavaThread "Worker-27" [_thread_blocked, id=14904, stack(0x000000e8b1600000,0x000000e8b1700000)]
  0x000001ffaaacaa40 JavaThread "Worker-33" [_thread_blocked, id=16192, stack(0x000000e8b0500000,0x000000e8b0600000)]
  0x000001ffaaacb3e0 JavaThread "ForkJoinPool.commonPool-worker-23" daemon [_thread_blocked, id=11972, stack(0x000000e8ae400000,0x000000e8ae500000)]
  0x000001ffaaac8890 JavaThread "ForkJoinPool.commonPool-worker-24" daemon [_thread_blocked, id=6576, stack(0x000000e8b0300000,0x000000e8b0400000)]
  0x000001ffaaacdf30 JavaThread "Worker-34: Building" [_thread_blocked, id=7500, stack(0x000000e8b0400000,0x000000e8b0500000)]

Other Threads:
  0x000001ffa51814f0 VMThread "VM Thread" [stack: 0x000000e8ae800000,0x000000e8ae900000] [id=16328] _threads_hazard_ptr=0x000001ffaaebc5d0
  0x000001ffa7a252e0 WatcherThread [stack: 0x000000e8af400000,0x000000e8af500000] [id=14276]
  0x000001ff9130b830 GCTaskThread "GC Thread#0" [stack: 0x000000e8ae700000,0x000000e8ae800000] [id=15572]
  0x000001ffa7db5a80 GCTaskThread "GC Thread#1" [stack: 0x000000e8af600000,0x000000e8af700000] [id=4260]
  0x000001ffa7db5d30 GCTaskThread "GC Thread#2" [stack: 0x000000e8af700000,0x000000e8af800000] [id=8088]
  0x000001ffa7db5fe0 GCTaskThread "GC Thread#3" [stack: 0x000000e8af800000,0x000000e8af900000] [id=10932]
  0x000001ffa7db6290 GCTaskThread "GC Thread#4" [stack: 0x000000e8af900000,0x000000e8afa00000] [id=696]
  0x000001ffa7db6540 GCTaskThread "GC Thread#5" [stack: 0x000000e8afa00000,0x000000e8afb00000] [id=14964]
  0x000001ff912dd020 GCTaskThread "GC Thread#6" [stack: 0x000000e8afe00000,0x000000e8aff00000] [id=176]
  0x000001ffa8cacad0 GCTaskThread "GC Thread#7" [stack: 0x000000e8aff00000,0x000000e8b0000000] [id=11016]

Threads with active compile tasks:

VM state: synchronizing (normal execution)

VM Mutex/Monitor currently owned by a thread:  ([mutex/lock_event])
[0x000001ff912f0de0] Threads_lock - owner thread: 0x000001ffa51814f0
[0x000001ff912f19b0] Heap_lock - owner thread: 0x000001ffaaacdf30

Heap address: 0x00000000c0000000, size: 1024 MB, Compressed Oops mode: 32-bit

CDS archive(s) not mapped
Compressed class space mapped at: 0x0000000100000000-0x0000000140000000, reserved size: 1073741824
Narrow klass base: 0x0000000000000000, Narrow klass shift: 3, Narrow klass range: 0x140000000

GC Precious Log:
 CPUs: 8 total, 8 available
 Memory: 8085M
 Large Page Support: Disabled
 NUMA Support: Disabled
 Compressed Oops: Enabled (32-bit)
 Alignments: Space 512K, Generation 512K, Heap 2M
 Heap Min Capacity: 100M
 Heap Initial Capacity: 100M
 Heap Max Capacity: 1G
 Pre-touch: Disabled
 Parallel Workers: 8

Heap:
 PSYoungGen      total 8192K, used 7832K [0x00000000eab00000, 0x00000000eb600000, 0x0000000100000000)
  eden space 5120K, 100% used [0x00000000eab00000,0x00000000eb000000,0x00000000eb000000)
  from space 3072K, 88% used [0x00000000eb100000,0x00000000eb3a6000,0x00000000eb400000)
  to   space 2048K, 0% used [0x00000000eb400000,0x00000000eb400000,0x00000000eb600000)
 ParOldGen       total 164864K, used 162538K [0x00000000c0000000, 0x00000000ca100000, 0x00000000eab00000)
  object space 164864K, 98% used [0x00000000c0000000,0x00000000c9eba900,0x00000000ca100000)
 Metaspace       used 98620K, committed 100032K, reserved 1146880K
  class space    used 9640K, committed 10304K, reserved 1048576K

Card table byte_map: [0x000001ff90ce0000,0x000001ff90ef0000] _byte_map_base: 0x000001ff906e0000

Marking Bits: (ParMarkBitMap*) 0x00007ff9c6af2cd0
 Begin Bits: [0x000001ffa2f90000, 0x000001ffa3f90000)
 End Bits:   [0x000001ffa3f90000, 0x000001ffa4f90000)

Polling page: 0x000001ff90ad0000

Metaspace:

Usage:
  Non-class:     86.89 MB used.
      Class:      9.41 MB used.
       Both:     96.31 MB used.

Virtual space:
  Non-class space:       96.00 MB reserved,      87.62 MB ( 91%) committed,  12 nodes.
      Class space:        1.00 GB reserved,      10.06 MB ( <1%) committed,  1 nodes.
             Both:        1.09 GB reserved,      97.69 MB (  9%) committed. 

Chunk freelists:
   Non-Class:  3.68 MB
       Class:  1.95 MB
        Both:  5.63 MB

MaxMetaspaceSize: unlimited
CompressedClassSpaceSize: 1.00 GB
Initial GC threshold: 21.00 MB
Current GC threshold: 162.81 MB
CDS: off
MetaspaceReclaimPolicy: balanced
 - commit_granule_bytes: 65536.
 - commit_granule_words: 8192.
 - virtual_space_node_default_size: 1048576.
 - enlarge_chunks_in_place: 1.
 - new_chunks_are_fully_committed: 0.
 - uncommit_free_chunks: 1.
 - use_allocation_guard: 0.
 - handle_deallocations: 1.


Internal statistics:

num_allocs_failed_limit: 9.
num_arena_births: 1244.
num_arena_deaths: 304.
num_vsnodes_births: 13.
num_vsnodes_deaths: 0.
num_space_committed: 1576.
num_space_uncommitted: 13.
num_chunks_returned_to_freelist: 438.
num_chunks_taken_from_freelist: 5609.
num_chunk_merges: 136.
num_chunk_splits: 3326.
num_chunks_enlarged: 1894.
num_purges: 18.
num_inconsistent_stats: 0.

CodeHeap 'non-profiled nmethods': size=120000Kb used=28184Kb max_used=28184Kb free=91815Kb
 bounds [0x000001ff9ba60000, 0x000001ff9d5f0000, 0x000001ffa2f90000]
CodeHeap 'profiled nmethods': size=120000Kb used=42771Kb max_used=43167Kb free=77228Kb
 bounds [0x000001ff94530000, 0x000001ff96f80000, 0x000001ff9ba60000]
CodeHeap 'non-nmethods': size=5760Kb used=1459Kb max_used=1622Kb free=4300Kb
 bounds [0x000001ff93f90000, 0x000001ff94200000, 0x000001ff94530000]
 total_blobs=21032 nmethods=20217 adapters=725
 compilation: enabled
              stopped_count=0, restarted_count=0
 full_count=0

Compilation events (20 events):
Event: 4159.084 Thread 0x000001ffa76fec00 28254       4       org.eclipse.jdt.internal.core.JavaModelCache::getInfo (135 bytes)
Event: 4159.122 Thread 0x000001ffa76fec00 nmethod 28254 0x000001ff9d5e2390 code [0x000001ff9d5e2660, 0x000001ff9d5e47c0]
Event: 4159.633 Thread 0x000001ffa7703b10 28255       3       org.eclipse.jdt.internal.core.search.matching.TypeReferenceLocator::match (10 bytes)
Event: 4159.633 Thread 0x000001ffa7703b10 nmethod 28255 0x000001ff94ef9c10 code [0x000001ff94ef9dc0, 0x000001ff94ef9f08]
Event: 4159.659 Thread 0x000001ffa7703b10 28256       3       org.eclipse.jdt.internal.core.search.matching.PatternLocator::resolveLevelForType (282 bytes)
Event: 4159.660 Thread 0x000001ffa7703b10 nmethod 28256 0x000001ff95970f10 code [0x000001ff95971220, 0x000001ff95972718]
Event: 4159.660 Thread 0x000001ffa7703b10 28257       3       org.eclipse.jdt.internal.core.search.matching.PatternLocator::getQualifiedPattern (34 bytes)
Event: 4159.660 Thread 0x000001ffa7703b10 nmethod 28257 0x000001ff94ef9690 code [0x000001ff94ef9860, 0x000001ff94ef9b18]
Event: 4160.321 Thread 0x000001ffa7703b10 28258       3       org.eclipse.jdt.internal.core.manipulation.MembersOrderPreferenceCacheCommon::fillCategoryOffsetsFromPreferenceString (336 bytes)
Event: 4160.321 Thread 0x000001ffa76fec00 28260       4       org.eclipse.jdt.internal.corext.util.JdtFlags::isInterfaceOrAnnotation (40 bytes)
Event: 4160.322 Thread 0x000001ffa7703b10 nmethod 28258 0x000001ff9596f790 code [0x000001ff9596faa0, 0x000001ff95970a78]
Event: 4160.322 Thread 0x000001ffa7703b10 28259       3       org.eclipse.jdt.internal.core.manipulation.MembersOrderPreferenceCacheCommon::getCategoryOffsets (66 bytes)
Event: 4160.322 Thread 0x000001ffa76fec00 nmethod 28260 0x000001ff9d5e5710 code [0x000001ff9d5e58a0, 0x000001ff9d5e5958]
Event: 4160.323 Thread 0x000001ffa7703b10 nmethod 28259 0x000001ff9596ea90 code [0x000001ff9596eca0, 0x000001ff9596f468]
Event: 4161.057 Thread 0x000001ffa7703b10 28261       3       org.eclipse.jdt.internal.compiler.ast.ASTNode::resolveAnnotations (1478 bytes)
Event: 4161.061 Thread 0x000001ffa7703b10 nmethod 28261 0x000001ff96d6b210 code [0x000001ff96d6ba00, 0x000001ff96d72408]
Event: 4161.134 Thread 0x000001ffa76fec00 28262       4       java.util.HashMap::get (19 bytes)
Event: 4161.138 Thread 0x000001ffa76fec00 nmethod 28262 0x000001ff9d5e5a90 code [0x000001ff9d5e5c20, 0x000001ff9d5e5f08]
Event: 4161.283 Thread 0x000001ffa7703b10 28263       3       org.apache.commons.lang3.StringUtils::isBlank (47 bytes)
Event: 4161.284 Thread 0x000001ffa7703b10 nmethod 28263 0x000001ff94ef8a10 code [0x000001ff94ef8c20, 0x000001ff94ef9218]

GC Heap History (20 events):
Event: 4162.883 GC heap before
{Heap before GC invocations=9481 (full 211):
 PSYoungGen      total 4096K, used 1472K [0x00000000eab00000, 0x00000000eb600000, 0x0000000100000000)
  eden space 512K, 100% used [0x00000000eab00000,0x00000000eab80000,0x00000000eab80000)
  from space 3584K, 26% used [0x00000000eaf80000,0x00000000eb070000,0x00000000eb300000)
  to   space 1536K, 0% used [0x00000000eb480000,0x00000000eb480000,0x00000000eb600000)
 ParOldGen       total 164864K, used 116339K [0x00000000c0000000, 0x00000000ca100000, 0x00000000eab00000)
  object space 164864K, 70% used [0x00000000c0000000,0x00000000c719cca0,0x00000000ca100000)
 Metaspace       used 98620K, committed 100032K, reserved 1146880K
  class space    used 9640K, committed 10304K, reserved 1048576K
}
Event: 4162.885 GC heap after
{Heap after GC invocations=9481 (full 211):
 PSYoungGen      total 2048K, used 1472K [0x00000000eab00000, 0x00000000eb600000, 0x0000000100000000)
  eden space 512K, 0% used [0x00000000eab00000,0x00000000eab00000,0x00000000eab80000)
  from space 1536K, 95% used [0x00000000eb480000,0x00000000eb5f0000,0x00000000eb600000)
  to   space 2048K, 0% used [0x00000000eb200000,0x00000000eb200000,0x00000000eb400000)
 ParOldGen       total 164864K, used 116339K [0x00000000c0000000, 0x00000000ca100000, 0x00000000eab00000)
  object space 164864K, 70% used [0x00000000c0000000,0x00000000c719cca0,0x00000000ca100000)
 Metaspace       used 98620K, committed 100032K, reserved 1146880K
  class space    used 9640K, committed 10304K, reserved 1048576K
}
Event: 4162.887 GC heap before
{Heap before GC invocations=9482 (full 211):
 PSYoungGen      total 2048K, used 1984K [0x00000000eab00000, 0x00000000eb600000, 0x0000000100000000)
  eden space 512K, 100% used [0x00000000eab00000,0x00000000eab80000,0x00000000eab80000)
  from space 1536K, 95% used [0x00000000eb480000,0x00000000eb5f0000,0x00000000eb600000)
  to   space 2048K, 0% used [0x00000000eb200000,0x00000000eb200000,0x00000000eb400000)
 ParOldGen       total 164864K, used 116339K [0x00000000c0000000, 0x00000000ca100000, 0x00000000eab00000)
  object space 164864K, 70% used [0x00000000c0000000,0x00000000c719cca0,0x00000000ca100000)
 Metaspace       used 98620K, committed 100032K, reserved 1146880K
  class space    used 9640K, committed 10304K, reserved 1048576K
}
Event: 4162.889 GC heap after
{Heap after GC invocations=9482 (full 211):
 PSYoungGen      total 3072K, used 1920K [0x00000000eab00000, 0x00000000eb500000, 0x0000000100000000)
  eden space 1024K, 0% used [0x00000000eab00000,0x00000000eab00000,0x00000000eac00000)
  from space 2048K, 93% used [0x00000000eb200000,0x00000000eb3e0000,0x00000000eb400000)
  to   space 1024K, 0% used [0x00000000eb400000,0x00000000eb400000,0x00000000eb500000)
 ParOldGen       total 164864K, used 116339K [0x00000000c0000000, 0x00000000ca100000, 0x00000000eab00000)
  object space 164864K, 70% used [0x00000000c0000000,0x00000000c719cca0,0x00000000ca100000)
 Metaspace       used 98620K, committed 100032K, reserved 1146880K
  class space    used 9640K, committed 10304K, reserved 1048576K
}
Event: 4162.892 GC heap before
{Heap before GC invocations=9483 (full 211):
 PSYoungGen      total 3072K, used 2944K [0x00000000eab00000, 0x00000000eb500000, 0x0000000100000000)
  eden space 1024K, 100% used [0x00000000eab00000,0x00000000eac00000,0x00000000eac00000)
  from space 2048K, 93% used [0x00000000eb200000,0x00000000eb3e0000,0x00000000eb400000)
  to   space 1024K, 0% used [0x00000000eb400000,0x00000000eb400000,0x00000000eb500000)
 ParOldGen       total 164864K, used 116339K [0x00000000c0000000, 0x00000000ca100000, 0x00000000eab00000)
  object space 164864K, 70% used [0x00000000c0000000,0x00000000c719cca0,0x00000000ca100000)
 Metaspace       used 98620K, committed 100032K, reserved 1146880K
  class space    used 9640K, committed 10304K, reserved 1048576K
}
Event: 4162.894 GC heap after
{Heap after GC invocations=9483 (full 211):
 PSYoungGen      total 2560K, used 1024K [0x00000000eab00000, 0x00000000eb500000, 0x0000000100000000)
  eden space 1536K, 0% used [0x00000000eab00000,0x00000000eab00000,0x00000000eac80000)
  from space 1024K, 100% used [0x00000000eb400000,0x00000000eb500000,0x00000000eb500000)
  to   space 3072K, 0% used [0x00000000eaf00000,0x00000000eaf00000,0x00000000eb200000)
 ParOldGen       total 164864K, used 117931K [0x00000000c0000000, 0x00000000ca100000, 0x00000000eab00000)
  object space 164864K, 71% used [0x00000000c0000000,0x00000000c732aca0,0x00000000ca100000)
 Metaspace       used 98620K, committed 100032K, reserved 1146880K
  class space    used 9640K, committed 10304K, reserved 1048576K
}
Event: 4162.898 GC heap before
{Heap before GC invocations=9484 (full 211):
 PSYoungGen      total 2560K, used 2560K [0x00000000eab00000, 0x00000000eb500000, 0x0000000100000000)
  eden space 1536K, 100% used [0x00000000eab00000,0x00000000eac80000,0x00000000eac80000)
  from space 1024K, 100% used [0x00000000eb400000,0x00000000eb500000,0x00000000eb500000)
  to   space 3072K, 0% used [0x00000000eaf00000,0x00000000eaf00000,0x00000000eb200000)
 ParOldGen       total 164864K, used 117931K [0x00000000c0000000, 0x00000000ca100000, 0x00000000eab00000)
  object space 164864K, 71% used [0x00000000c0000000,0x00000000c732aca0,0x00000000ca100000)
 Metaspace       used 98620K, committed 100032K, reserved 1146880K
  class space    used 9640K, committed 10304K, reserved 1048576K
}
Event: 4162.902 GC heap after
{Heap after GC invocations=9484 (full 211):
 PSYoungGen      total 5120K, used 2112K [0x00000000eab00000, 0x00000000eb480000, 0x0000000100000000)
  eden space 2048K, 0% used [0x00000000eab00000,0x00000000eab00000,0x00000000ead00000)
  from space 3072K, 68% used [0x00000000eaf00000,0x00000000eb110000,0x00000000eb200000)
  to   space 2560K, 0% used [0x00000000eb200000,0x00000000eb200000,0x00000000eb480000)
 ParOldGen       total 164864K, used 118371K [0x00000000c0000000, 0x00000000ca100000, 0x00000000eab00000)
  object space 164864K, 71% used [0x00000000c0000000,0x00000000c7398ca0,0x00000000ca100000)
 Metaspace       used 98620K, committed 100032K, reserved 1146880K
  class space    used 9640K, committed 10304K, reserved 1048576K
}
Event: 4162.910 GC heap before
{Heap before GC invocations=9485 (full 211):
 PSYoungGen      total 5120K, used 3942K [0x00000000eab00000, 0x00000000eb480000, 0x0000000100000000)
  eden space 2048K, 89% used [0x00000000eab00000,0x00000000eacc9b00,0x00000000ead00000)
  from space 3072K, 68% used [0x00000000eaf00000,0x00000000eb110000,0x00000000eb200000)
  to   space 2560K, 0% used [0x00000000eb200000,0x00000000eb200000,0x00000000eb480000)
 ParOldGen       total 164864K, used 118371K [0x00000000c0000000, 0x00000000ca100000, 0x00000000eab00000)
  object space 164864K, 71% used [0x00000000c0000000,0x00000000c7398ca0,0x00000000ca100000)
 Metaspace       used 98620K, committed 100032K, reserved 1146880K
  class space    used 9640K, committed 10304K, reserved 1048576K
}
Event: 4162.913 GC heap after
{Heap after GC invocations=9485 (full 211):
 PSYoungGen      total 5120K, used 2547K [0x00000000eab00000, 0x00000000eb580000, 0x0000000100000000)
  eden space 2560K, 0% used [0x00000000eab00000,0x00000000eab00000,0x00000000ead80000)
  from space 2560K, 99% used [0x00000000eb200000,0x00000000eb47cc20,0x00000000eb480000)
  to   space 4096K, 0% used [0x00000000ead80000,0x00000000ead80000,0x00000000eb180000)
 ParOldGen       total 164864K, used 119275K [0x00000000c0000000, 0x00000000ca100000, 0x00000000eab00000)
  object space 164864K, 72% used [0x00000000c0000000,0x00000000c747aca0,0x00000000ca100000)
 Metaspace       used 98620K, committed 100032K, reserved 1146880K
  class space    used 9640K, committed 10304K, reserved 1048576K
}
Event: 4162.918 GC heap before
{Heap before GC invocations=9486 (full 211):
 PSYoungGen      total 5120K, used 5062K [0x00000000eab00000, 0x00000000eb580000, 0x0000000100000000)
  eden space 2560K, 98% used [0x00000000eab00000,0x00000000ead74de8,0x00000000ead80000)
  from space 2560K, 99% used [0x00000000eb200000,0x00000000eb47cc20,0x00000000eb480000)
  to   space 4096K, 0% used [0x00000000ead80000,0x00000000ead80000,0x00000000eb180000)
 ParOldGen       total 164864K, used 119275K [0x00000000c0000000, 0x00000000ca100000, 0x00000000eab00000)
  object space 164864K, 72% used [0x00000000c0000000,0x00000000c747aca0,0x00000000ca100000)
 Metaspace       used 98620K, committed 100032K, reserved 1146880K
  class space    used 9640K, committed 10304K, reserved 1048576K
}
Event: 4162.922 GC heap after
{Heap after GC invocations=9486 (full 211):
 PSYoungGen      total 5632K, used 2584K [0x00000000eab00000, 0x00000000eb400000, 0x0000000100000000)
  eden space 2560K, 0% used [0x00000000eab00000,0x00000000eab00000,0x00000000ead80000)
  from space 3072K, 84% used [0x00000000ead80000,0x00000000eb006138,0x00000000eb080000)
  to   space 3072K, 0% used [0x00000000eb100000,0x00000000eb100000,0x00000000eb400000)
 ParOldGen       total 164864K, used 121846K [0x00000000c0000000, 0x00000000ca100000, 0x00000000eab00000)
  object space 164864K, 73% used [0x00000000c0000000,0x00000000c76fda48,0x00000000ca100000)
 Metaspace       used 98620K, committed 100032K, reserved 1146880K
  class space    used 9640K, committed 10304K, reserved 1048576K
}
Event: 4162.927 GC heap before
{Heap before GC invocations=9487 (full 211):
 PSYoungGen      total 5632K, used 5144K [0x00000000eab00000, 0x00000000eb400000, 0x0000000100000000)
  eden space 2560K, 100% used [0x00000000eab00000,0x00000000ead80000,0x00000000ead80000)
  from space 3072K, 84% used [0x00000000ead80000,0x00000000eb006138,0x00000000eb080000)
  to   space 3072K, 0% used [0x00000000eb100000,0x00000000eb100000,0x00000000eb400000)
 ParOldGen       total 164864K, used 121846K [0x00000000c0000000, 0x00000000ca100000, 0x00000000eab00000)
  object space 164864K, 73% used [0x00000000c0000000,0x00000000c76fda48,0x00000000ca100000)
 Metaspace       used 98620K, committed 100032K, reserved 1146880K
  class space    used 9640K, committed 10304K, reserved 1048576K
}
Event: 4162.931 GC heap after
{Heap after GC invocations=9487 (full 211):
 PSYoungGen      total 6144K, used 2614K [0x00000000eab00000, 0x00000000eb400000, 0x0000000100000000)
  eden space 3072K, 0% used [0x00000000eab00000,0x00000000eab00000,0x00000000eae00000)
  from space 3072K, 85% used [0x00000000eb100000,0x00000000eb38db30,0x00000000eb400000)
  to   space 3072K, 0% used [0x00000000eae00000,0x00000000eae00000,0x00000000eb100000)
 ParOldGen       total 164864K, used 124360K [0x00000000c0000000, 0x00000000ca100000, 0x00000000eab00000)
  object space 164864K, 75% used [0x00000000c0000000,0x00000000c79723f8,0x00000000ca100000)
 Metaspace       used 98620K, committed 100032K, reserved 1146880K
  class space    used 9640K, committed 10304K, reserved 1048576K
}
Event: 4162.940 GC heap before
{Heap before GC invocations=9488 (full 211):
 PSYoungGen      total 6144K, used 5686K [0x00000000eab00000, 0x00000000eb400000, 0x0000000100000000)
  eden space 3072K, 100% used [0x00000000eab00000,0x00000000eae00000,0x00000000eae00000)
  from space 3072K, 85% used [0x00000000eb100000,0x00000000eb38db30,0x00000000eb400000)
  to   space 3072K, 0% used [0x00000000eae00000,0x00000000eae00000,0x00000000eb100000)
 ParOldGen       total 164864K, used 124360K [0x00000000c0000000, 0x00000000ca100000, 0x00000000eab00000)
  object space 164864K, 75% used [0x00000000c0000000,0x00000000c79723f8,0x00000000ca100000)
 Metaspace       used 98620K, committed 100032K, reserved 1146880K
  class space    used 9640K, committed 10304K, reserved 1048576K
}
Event: 4162.944 GC heap after
{Heap after GC invocations=9488 (full 211):
 PSYoungGen      total 6144K, used 3052K [0x00000000eab00000, 0x00000000ebc00000, 0x0000000100000000)
  eden space 3072K, 0% used [0x00000000eab00000,0x00000000eab00000,0x00000000eae00000)
  from space 3072K, 99% used [0x00000000eae00000,0x00000000eb0fb058,0x00000000eb100000)
  to   space 6656K, 0% used [0x00000000eb580000,0x00000000eb580000,0x00000000ebc00000)
 ParOldGen       total 164864K, used 126941K [0x00000000c0000000, 0x00000000ca100000, 0x00000000eab00000)
  object space 164864K, 76% used [0x00000000c0000000,0x00000000c7bf7680,0x00000000ca100000)
 Metaspace       used 98620K, committed 100032K, reserved 1146880K
  class space    used 9640K, committed 10304K, reserved 1048576K
}
Event: 4162.952 GC heap before
{Heap before GC invocations=9489 (full 211):
 PSYoungGen      total 6144K, used 6124K [0x00000000eab00000, 0x00000000ebc00000, 0x0000000100000000)
  eden space 3072K, 100% used [0x00000000eab00000,0x00000000eae00000,0x00000000eae00000)
  from space 3072K, 99% used [0x00000000eae00000,0x00000000eb0fb058,0x00000000eb100000)
  to   space 6656K, 0% used [0x00000000eb580000,0x00000000eb580000,0x00000000ebc00000)
 ParOldGen       total 164864K, used 126941K [0x00000000c0000000, 0x00000000ca100000, 0x00000000eab00000)
  object space 164864K, 76% used [0x00000000c0000000,0x00000000c7bf7680,0x00000000ca100000)
 Metaspace       used 98620K, committed 100032K, reserved 1146880K
  class space    used 9640K, committed 10304K, reserved 1048576K
}
Event: 4162.955 GC heap after
{Heap after GC invocations=9489 (full 211):
 PSYoungGen      total 6656K, used 2190K [0x00000000eab00000, 0x00000000eb800000, 0x0000000100000000)
  eden space 4096K, 0% used [0x00000000eab00000,0x00000000eab00000,0x00000000eaf00000)
  from space 2560K, 85% used [0x00000000eb580000,0x00000000eb7a3800,0x00000000eb800000)
  to   space 3584K, 0% used [0x00000000eb100000,0x00000000eb100000,0x00000000eb480000)
 ParOldGen       total 164864K, used 129946K [0x00000000c0000000, 0x00000000ca100000, 0x00000000eab00000)
  object space 164864K, 78% used [0x00000000c0000000,0x00000000c7ee68d0,0x00000000ca100000)
 Metaspace       used 98620K, committed 100032K, reserved 1146880K
  class space    used 9640K, committed 10304K, reserved 1048576K
}
Event: 4162.976 GC heap before
{Heap before GC invocations=9490 (full 211):
 PSYoungGen      total 6656K, used 6285K [0x00000000eab00000, 0x00000000eb800000, 0x0000000100000000)
  eden space 4096K, 99% used [0x00000000eab00000,0x00000000eaeffc60,0x00000000eaf00000)
  from space 2560K, 85% used [0x00000000eb580000,0x00000000eb7a3800,0x00000000eb800000)
  to   space 3584K, 0% used [0x00000000eb100000,0x00000000eb100000,0x00000000eb480000)
 ParOldGen       total 164864K, used 129946K [0x00000000c0000000, 0x00000000ca100000, 0x00000000eab00000)
  object space 164864K, 78% used [0x00000000c0000000,0x00000000c7ee68d0,0x00000000ca100000)
 Metaspace       used 98620K, committed 100032K, reserved 1146880K
  class space    used 9640K, committed 10304K, reserved 1048576K
}
Event: 4162.979 GC heap after
{Heap after GC invocations=9490 (full 211):
 PSYoungGen      total 8192K, used 2712K [0x00000000eab00000, 0x00000000eb600000, 0x0000000100000000)
  eden space 5120K, 0% used [0x00000000eab00000,0x00000000eab00000,0x00000000eb000000)
  from space 3072K, 88% used [0x00000000eb100000,0x00000000eb3a6000,0x00000000eb400000)
  to   space 2048K, 0% used [0x00000000eb400000,0x00000000eb400000,0x00000000eb600000)
 ParOldGen       total 164864K, used 131818K [0x00000000c0000000, 0x00000000ca100000, 0x00000000eab00000)
  object space 164864K, 79% used [0x00000000c0000000,0x00000000c80ba8d0,0x00000000ca100000)
 Metaspace       used 98620K, committed 100032K, reserved 1146880K
  class space    used 9640K, committed 10304K, reserved 1048576K
}

Deoptimization events (20 events):
Event: 4158.996 Thread 0x000001ffaaacaa40 Uncommon trap: trap_request=0xffffffde fr.pc=0x000001ff9d3e9eac relative=0x0000000000000b6c
Event: 4158.996 Thread 0x000001ffaaacaa40 Uncommon trap: reason=class_check action=maybe_recompile pc=0x000001ff9d3e9eac method=org.eclipse.jdt.internal.compiler.parser.SourceTypeConverter.convertAnnotations(Lorg/eclipse/jdt/core/IAnnotatable;)[Lorg/eclipse/jdt/internal/compiler/ast/Annotation; @
Event: 4158.996 Thread 0x000001ffaaacaa40 DEOPT PACKING pc=0x000001ff9d3e9eac sp=0x000000e8b05fde40
Event: 4158.996 Thread 0x000001ffaaacaa40 DEOPT UNPACKING pc=0x000001ff93fe20a3 sp=0x000000e8b05fddd8 mode 2
Event: 4159.007 Thread 0x000001ffaaacaa40 Uncommon trap: trap_request=0xffffff45 fr.pc=0x000001ff9bc04284 relative=0x0000000000000264
Event: 4159.007 Thread 0x000001ffaaacaa40 Uncommon trap: reason=unstable_if action=reinterpret pc=0x000001ff9bc04284 method=java.util.HashMap.getNode(Ljava/lang/Object;)Ljava/util/HashMap$Node; @ 85 c2
Event: 4159.007 Thread 0x000001ffaaacaa40 DEOPT PACKING pc=0x000001ff9bc04284 sp=0x000000e8b05fdb70
Event: 4159.007 Thread 0x000001ffaaacaa40 DEOPT UNPACKING pc=0x000001ff93fe20a3 sp=0x000000e8b05fda70 mode 2
Event: 4159.007 Thread 0x000001ffaaacaa40 Uncommon trap: trap_request=0xffffffde fr.pc=0x000001ff9d3e9eac relative=0x0000000000000b6c
Event: 4159.007 Thread 0x000001ffaaacaa40 Uncommon trap: reason=class_check action=maybe_recompile pc=0x000001ff9d3e9eac method=org.eclipse.jdt.internal.compiler.parser.SourceTypeConverter.convertAnnotations(Lorg/eclipse/jdt/core/IAnnotatable;)[Lorg/eclipse/jdt/internal/compiler/ast/Annotation; @
Event: 4159.007 Thread 0x000001ffaaacaa40 DEOPT PACKING pc=0x000001ff9d3e9eac sp=0x000000e8b05fde40
Event: 4159.007 Thread 0x000001ffaaacaa40 DEOPT UNPACKING pc=0x000001ff93fe20a3 sp=0x000000e8b05fddd8 mode 2
Event: 4161.069 Thread 0x000001ffaaacaa40 Uncommon trap: trap_request=0xffffffde fr.pc=0x000001ff9d3e9eac relative=0x0000000000000b6c
Event: 4161.069 Thread 0x000001ffaaacaa40 Uncommon trap: reason=class_check action=maybe_recompile pc=0x000001ff9d3e9eac method=org.eclipse.jdt.internal.compiler.parser.SourceTypeConverter.convertAnnotations(Lorg/eclipse/jdt/core/IAnnotatable;)[Lorg/eclipse/jdt/internal/compiler/ast/Annotation; @
Event: 4161.069 Thread 0x000001ffaaacaa40 DEOPT PACKING pc=0x000001ff9d3e9eac sp=0x000000e8b05fde40
Event: 4161.069 Thread 0x000001ffaaacaa40 DEOPT UNPACKING pc=0x000001ff93fe20a3 sp=0x000000e8b05fddd8 mode 2
Event: 4161.091 Thread 0x000001ffaaacaa40 Uncommon trap: trap_request=0xffffffde fr.pc=0x000001ff9d3e9eac relative=0x0000000000000b6c
Event: 4161.091 Thread 0x000001ffaaacaa40 Uncommon trap: reason=class_check action=maybe_recompile pc=0x000001ff9d3e9eac method=org.eclipse.jdt.internal.compiler.parser.SourceTypeConverter.convertAnnotations(Lorg/eclipse/jdt/core/IAnnotatable;)[Lorg/eclipse/jdt/internal/compiler/ast/Annotation; @
Event: 4161.091 Thread 0x000001ffaaacaa40 DEOPT PACKING pc=0x000001ff9d3e9eac sp=0x000000e8b05fde40
Event: 4161.091 Thread 0x000001ffaaacaa40 DEOPT UNPACKING pc=0x000001ff93fe20a3 sp=0x000000e8b05fddd8 mode 2

Classes unloaded (20 events):
Event: 4162.710 Thread 0x000001ffa51814f0 Unloading class 0x0000000100388400 'jdk/internal/reflect/GeneratedMethodAccessor92'
Event: 4162.710 Thread 0x000001ffa51814f0 Unloading class 0x00000001001d3000 'jdk/internal/reflect/GeneratedMethodAccessor91'
Event: 4162.710 Thread 0x000001ffa51814f0 Unloading class 0x00000001001a2800 'jdk/internal/reflect/GeneratedMethodAccessor90'
Event: 4162.710 Thread 0x000001ffa51814f0 Unloading class 0x00000001001a1000 'jdk/internal/reflect/GeneratedMethodAccessor89'
Event: 4162.710 Thread 0x000001ffa51814f0 Unloading class 0x00000001009bec00 'jdk/internal/reflect/GeneratedSerializationConstructorAccessor43'
Event: 4162.710 Thread 0x000001ffa51814f0 Unloading class 0x00000001009be800 'jdk/internal/reflect/GeneratedSerializationConstructorAccessor42'
Event: 4162.710 Thread 0x000001ffa51814f0 Unloading class 0x00000001009be400 'jdk/internal/reflect/GeneratedSerializationConstructorAccessor41'
Event: 4162.710 Thread 0x000001ffa51814f0 Unloading class 0x00000001009bdc00 'jdk/internal/reflect/GeneratedMethodAccessor88'
Event: 4162.710 Thread 0x000001ffa51814f0 Unloading class 0x00000001009bd800 'jdk/internal/reflect/GeneratedMethodAccessor87'
Event: 4162.710 Thread 0x000001ffa51814f0 Unloading class 0x00000001009bd400 'jdk/internal/reflect/GeneratedMethodAccessor86'
Event: 4162.710 Thread 0x000001ffa51814f0 Unloading class 0x00000001009bd000 'jdk/internal/reflect/GeneratedMethodAccessor85'
Event: 4162.710 Thread 0x000001ffa51814f0 Unloading class 0x00000001009bcc00 'jdk/internal/reflect/GeneratedMethodAccessor84'
Event: 4162.710 Thread 0x000001ffa51814f0 Unloading class 0x00000001009bc800 'jdk/internal/reflect/GeneratedMethodAccessor83'
Event: 4162.710 Thread 0x000001ffa51814f0 Unloading class 0x00000001009bc400 'jdk/internal/reflect/GeneratedMethodAccessor82'
Event: 4162.710 Thread 0x000001ffa51814f0 Unloading class 0x00000001009bc000 'jdk/internal/reflect/GeneratedMethodAccessor81'
Event: 4162.710 Thread 0x000001ffa51814f0 Unloading class 0x00000001009b0400 'jdk/internal/reflect/GeneratedMethodAccessor80'
Event: 4162.710 Thread 0x000001ffa51814f0 Unloading class 0x00000001009ad000 'java/lang/invoke/LambdaForm$MH+0x00000001009ad000'
Event: 4162.710 Thread 0x000001ffa51814f0 Unloading class 0x00000001009ac800 'jdk/internal/reflect/GeneratedMethodAccessor79'
Event: 4162.710 Thread 0x000001ffa51814f0 Unloading class 0x00000001009ac400 'jdk/internal/reflect/GeneratedMethodAccessor78'
Event: 4162.710 Thread 0x000001ffa51814f0 Unloading class 0x00000001009ac000 'jdk/internal/reflect/GeneratedMethodAccessor77'

Classes redefined (0 events):
No events

Internal exceptions (20 events):
Event: 3694.056 Thread 0x000001ffa9b200f0 Exception <a 'java/lang/ArrayIndexOutOfBoundsException'{0x00000000eb35c3e8}: Index 2 out of bounds for length 2> (0x00000000eb35c3e8) 
thrown [s\src\hotspot\share\interpreter\interpreterRuntime.cpp, line 428]
Event: 3701.495 Thread 0x000001ffaaacc720 Exception <a 'java/io/IOException'{0x00000000eb5270e0}> (0x00000000eb5270e0) 
thrown [s\src\hotspot\share\prims\jni.cpp, line 516]
Event: 3701.730 Thread 0x000001ffa7cb6550 Exception <a 'sun/nio/fs/WindowsException'{0x00000000eaf74c58}> (0x00000000eaf74c58) 
thrown [s\src\hotspot\share\prims\jni.cpp, line 516]
Event: 3701.990 Thread 0x000001ffa7cb6550 Exception <a 'sun/nio/fs/WindowsException'{0x00000000eabc7b88}> (0x00000000eabc7b88) 
thrown [s\src\hotspot\share\prims\jni.cpp, line 516]
Event: 3714.014 Thread 0x000001ffa7cb6550 Exception <a 'sun/nio/fs/WindowsException'{0x00000000eb239cb0}> (0x00000000eb239cb0) 
thrown [s\src\hotspot\share\prims\jni.cpp, line 516]
Event: 3714.557 Thread 0x000001ffa7cb6550 Exception <a 'sun/nio/fs/WindowsException'{0x00000000eab17df8}> (0x00000000eab17df8) 
thrown [s\src\hotspot\share\prims\jni.cpp, line 516]
Event: 3717.744 Thread 0x000001ffa7cb6550 Exception <a 'sun/nio/fs/WindowsException'{0x00000000eaf2ab68}> (0x00000000eaf2ab68) 
thrown [s\src\hotspot\share\prims\jni.cpp, line 516]
Event: 3718.225 Thread 0x000001ffa7cb6550 Exception <a 'sun/nio/fs/WindowsException'{0x00000000eaeb30f0}> (0x00000000eaeb30f0) 
thrown [s\src\hotspot\share\prims\jni.cpp, line 516]
Event: 3740.336 Thread 0x000001ffa7cb6550 Exception <a 'sun/nio/fs/WindowsException'{0x00000000eb271df8}> (0x00000000eb271df8) 
thrown [s\src\hotspot\share\prims\jni.cpp, line 516]
Event: 3740.837 Thread 0x000001ffa7cb6550 Exception <a 'sun/nio/fs/WindowsException'{0x00000000eb5561a8}> (0x00000000eb5561a8) 
thrown [s\src\hotspot\share\prims\jni.cpp, line 516]
Event: 3767.616 Thread 0x000001ffab228cc0 Exception <a 'sun/nio/fs/WindowsException'{0x00000000eabc2b90}> (0x00000000eabc2b90) 
thrown [s\src\hotspot\share\prims\jni.cpp, line 516]
Event: 3767.616 Thread 0x000001ffab228cc0 Exception <a 'sun/nio/fs/WindowsException'{0x00000000eabc2e60}> (0x00000000eabc2e60) 
thrown [s\src\hotspot\share\prims\jni.cpp, line 516]
Event: 3767.616 Thread 0x000001ffab228cc0 Exception <a 'sun/nio/fs/WindowsException'{0x00000000eabc37c0}> (0x00000000eabc37c0) 
thrown [s\src\hotspot\share\prims\jni.cpp, line 516]
Event: 3767.616 Thread 0x000001ffab228cc0 Exception <a 'sun/nio/fs/WindowsException'{0x00000000eabc3a90}> (0x00000000eabc3a90) 
thrown [s\src\hotspot\share\prims\jni.cpp, line 516]
Event: 3888.023 Thread 0x000001ffab223af0 Exception <a 'java/io/IOException'{0x00000000eab8a288}> (0x00000000eab8a288) 
thrown [s\src\hotspot\share\prims\jni.cpp, line 516]
Event: 4159.042 Thread 0x000001ffaaac8890 Exception <a 'java/lang/ClassNotFoundException'{0x00000000eb445598}: sun/net/www/protocol/jdt/Handler> (0x00000000eb445598) 
thrown [s\src\hotspot\share\classfile\systemDictionary.cpp, line 256]
Event: 4159.667 Thread 0x000001ffaaac8890 Exception <a 'java/lang/ClassNotFoundException'{0x00000000eacaab68}: sun/net/www/protocol/jdt/Handler> (0x00000000eacaab68) 
thrown [s\src\hotspot\share\classfile\systemDictionary.cpp, line 256]
Event: 4159.667 Thread 0x000001ffaaac8890 Exception <a 'java/lang/ClassNotFoundException'{0x00000000eacad470}: sun/net/www/protocol/jdt/Handler> (0x00000000eacad470) 
thrown [s\src\hotspot\share\classfile\systemDictionary.cpp, line 256]
Event: 4159.667 Thread 0x000001ffaaac8890 Exception <a 'java/lang/ClassNotFoundException'{0x00000000eacafda8}: sun/net/www/protocol/jdt/Handler> (0x00000000eacafda8) 
thrown [s\src\hotspot\share\classfile\systemDictionary.cpp, line 256]
Event: 4162.633 Thread 0x000001ffa7cb6550 Exception <a 'sun/nio/fs/WindowsException'{0x00000000eb0ebf18}> (0x00000000eb0ebf18) 
thrown [s\src\hotspot\share\prims\jni.cpp, line 516]

VM Operations (20 events):
Event: 4162.870 Executing VM operation: ParallelGCFailedAllocation
Event: 4162.885 Executing VM operation: ParallelGCFailedAllocation done
Event: 4162.887 Executing VM operation: ParallelGCFailedAllocation
Event: 4162.889 Executing VM operation: ParallelGCFailedAllocation done
Event: 4162.891 Executing VM operation: ParallelGCFailedAllocation
Event: 4162.895 Executing VM operation: ParallelGCFailedAllocation done
Event: 4162.898 Executing VM operation: ParallelGCFailedAllocation
Event: 4162.902 Executing VM operation: ParallelGCFailedAllocation done
Event: 4162.910 Executing VM operation: ParallelGCFailedAllocation
Event: 4162.913 Executing VM operation: ParallelGCFailedAllocation done
Event: 4162.918 Executing VM operation: ParallelGCFailedAllocation
Event: 4162.922 Executing VM operation: ParallelGCFailedAllocation done
Event: 4162.927 Executing VM operation: ParallelGCFailedAllocation
Event: 4162.931 Executing VM operation: ParallelGCFailedAllocation done
Event: 4162.940 Executing VM operation: ParallelGCFailedAllocation
Event: 4162.944 Executing VM operation: ParallelGCFailedAllocation done
Event: 4162.952 Executing VM operation: ParallelGCFailedAllocation
Event: 4162.955 Executing VM operation: ParallelGCFailedAllocation done
Event: 4162.975 Executing VM operation: ParallelGCFailedAllocation
Event: 4162.979 Executing VM operation: ParallelGCFailedAllocation done

Events (20 events):
Event: 3888.621 Thread 0x000001ffaaac8890 Thread exited: 0x000001ffaaac8890
Event: 3888.621 Thread 0x000001ffaaacaa40 Thread exited: 0x000001ffaaacaa40
Event: 3888.621 Thread 0x000001ffaaaceda0 Thread exited: 0x000001ffaaaceda0
Event: 3888.743 Thread 0x000001ffaaacdf30 Thread added: 0x000001ffaaacdf30
Event: 3890.254 Thread 0x000001ffab227980 Thread exited: 0x000001ffab227980
Event: 3899.791 Thread 0x000001ffa9b200f0 Thread exited: 0x000001ffa9b200f0
Event: 3948.037 Thread 0x000001ffab226640 Thread exited: 0x000001ffab226640
Event: 3973.572 Thread 0x000001ffaaacaa40 Thread added: 0x000001ffaaacaa40
Event: 4034.631 Thread 0x000001ffaaacdf30 Thread exited: 0x000001ffaaacdf30
Event: 4036.629 Thread 0x000001ffab2274b0 Thread exited: 0x000001ffab2274b0
Event: 4148.573 Thread 0x000001ffab1ca690 Thread exited: 0x000001ffab1ca690
Event: 4158.210 Thread 0x000001ffaaacb3e0 Thread added: 0x000001ffaaacb3e0
Event: 4158.801 Thread 0x000001ffaaac8890 Thread added: 0x000001ffaaac8890
Event: 4158.870 Thread 0x000001ffa77044b0 flushing nmethod 0x000001ff953ce310
Event: 4158.880 Thread 0x000001ffa77044b0 flushing nmethod 0x000001ff9635bd10
Event: 4161.757 Thread 0x000001ffaaacdf30 Thread added: 0x000001ffaaacdf30
Event: 4162.959 loading class jdk/internal/module/IllegalAccessLogger
Event: 4162.959 loading class jdk/internal/module/IllegalAccessLogger done
Event: 4162.959 Thread 0x000001ffaaace8d0 Thread added: 0x000001ffaaace8d0
Event: 4162.967 Thread 0x000001ffaaace8d0 Thread exited: 0x000001ffaaace8d0


Dynamic libraries:
0x00007ff646b60000 - 0x00007ff646b6e000 	c:\Users\Mita\.vscode\extensions\redhat.java-1.10.0-win32-x64\jre\17.0.4-win32-x86_64\bin\java.exe
0x00007ffa25060000 - 0x00007ffa25269000 	C:\Windows\SYSTEM32\ntdll.dll
0x00007ffa23e20000 - 0x00007ffa23edd000 	C:\Windows\System32\KERNEL32.DLL
0x00007ffa22b70000 - 0x00007ffa22eec000 	C:\Windows\System32\KERNELBASE.dll
0x00007ffa227d0000 - 0x00007ffa228e1000 	C:\Windows\System32\ucrtbase.dll
0x00007ffa1de40000 - 0x00007ffa1de58000 	c:\Users\Mita\.vscode\extensions\redhat.java-1.10.0-win32-x64\jre\17.0.4-win32-x86_64\bin\jli.dll
0x00007ffa23210000 - 0x00007ffa233bd000 	C:\Windows\System32\USER32.dll
0x00007ffa228f0000 - 0x00007ffa22916000 	C:\Windows\System32\win32u.dll
0x00007ffa24b20000 - 0x00007ffa24b49000 	C:\Windows\System32\GDI32.dll
0x00007ffa226b0000 - 0x00007ffa227c9000 	C:\Windows\System32\gdi32full.dll
0x00007ffa22ad0000 - 0x00007ffa22b6d000 	C:\Windows\System32\msvcp_win.dll
0x00007ffa1de60000 - 0x00007ffa1de79000 	c:\Users\Mita\.vscode\extensions\redhat.java-1.10.0-win32-x64\jre\17.0.4-win32-x86_64\bin\VCRUNTIME140.dll
0x00007ffa0a8a0000 - 0x00007ffa0ab45000 	C:\Windows\WinSxS\amd64_microsoft.windows.common-controls_6595b64144ccf1df_6.0.22000.120_none_9d947278b86cc467\COMCTL32.dll
0x00007ffa230b0000 - 0x00007ffa23153000 	C:\Windows\System32\msvcrt.dll
0x00007ffa23f40000 - 0x00007ffa23f71000 	C:\Windows\System32\IMM32.DLL
0x00007ffa219b0000 - 0x00007ffa219bc000 	c:\Users\Mita\.vscode\extensions\redhat.java-1.10.0-win32-x64\jre\17.0.4-win32-x86_64\bin\vcruntime140_1.dll
0x00007ff9de760000 - 0x00007ff9de7f1000 	c:\Users\Mita\.vscode\extensions\redhat.java-1.10.0-win32-x64\jre\17.0.4-win32-x86_64\bin\msvcp140.dll
0x00007ff9c5f70000 - 0x00007ff9c6bb6000 	c:\Users\Mita\.vscode\extensions\redhat.java-1.10.0-win32-x64\jre\17.0.4-win32-x86_64\bin\server\jvm.dll
0x00007ffa23160000 - 0x00007ffa2320e000 	C:\Windows\System32\ADVAPI32.dll
0x00007ffa24950000 - 0x00007ffa249ee000 	C:\Windows\System32\sechost.dll
0x00007ffa24a00000 - 0x00007ffa24b20000 	C:\Windows\System32\RPCRT4.dll
0x00007ffa23c70000 - 0x00007ffa23c78000 	C:\Windows\System32\PSAPI.DLL
0x00007ffa15260000 - 0x00007ffa15269000 	C:\Windows\SYSTEM32\WSOCK32.dll
0x00007ffa234a0000 - 0x00007ffa2350f000 	C:\Windows\System32\WS2_32.dll
0x00007ffa1c340000 - 0x00007ffa1c373000 	C:\Windows\SYSTEM32\WINMM.dll
0x00007ffa14540000 - 0x00007ffa1454a000 	C:\Windows\SYSTEM32\VERSION.dll
0x00007ffa20730000 - 0x00007ffa20748000 	C:\Windows\SYSTEM32\kernel.appcore.dll
0x00007ffa21870000 - 0x00007ffa2187a000 	c:\Users\Mita\.vscode\extensions\redhat.java-1.10.0-win32-x64\jre\17.0.4-win32-x86_64\bin\jimage.dll
0x00007ffa21dc0000 - 0x00007ffa21fe1000 	C:\Windows\SYSTEM32\DBGHELP.DLL
0x00007ffa21b30000 - 0x00007ffa21b61000 	C:\Windows\SYSTEM32\dbgcore.DLL
0x00007ffa22920000 - 0x00007ffa2299f000 	C:\Windows\System32\bcryptPrimitives.dll
0x00007ffa217e0000 - 0x00007ffa217ee000 	c:\Users\Mita\.vscode\extensions\redhat.java-1.10.0-win32-x64\jre\17.0.4-win32-x86_64\bin\instrument.dll
0x00007ffa096c0000 - 0x00007ffa096e5000 	c:\Users\Mita\.vscode\extensions\redhat.java-1.10.0-win32-x64\jre\17.0.4-win32-x86_64\bin\java.dll
0x00007ffa11c70000 - 0x00007ffa11c88000 	c:\Users\Mita\.vscode\extensions\redhat.java-1.10.0-win32-x64\jre\17.0.4-win32-x86_64\bin\zip.dll
0x00007ffa23f90000 - 0x00007ffa24748000 	C:\Windows\System32\SHELL32.dll
0x00007ffa1f7a0000 - 0x00007ffa20008000 	C:\Windows\SYSTEM32\windows.storage.dll
0x00007ffa23510000 - 0x00007ffa23889000 	C:\Windows\System32\combase.dll
0x00007ffa1f630000 - 0x00007ffa1f796000 	C:\Windows\SYSTEM32\wintypes.dll
0x00007ffa23b60000 - 0x00007ffa23c4a000 	C:\Windows\System32\SHCORE.dll
0x00007ffa247d0000 - 0x00007ffa2482d000 	C:\Windows\System32\shlwapi.dll
0x00007ffa22470000 - 0x00007ffa22491000 	C:\Windows\SYSTEM32\profapi.dll
0x00007ffa1de20000 - 0x00007ffa1de39000 	C:\Users\Mita\.vscode\extensions\redhat.java-1.10.0-win32-x64\jre\17.0.4-win32-x86_64\bin\net.dll
0x00007ffa1c230000 - 0x00007ffa1c33c000 	C:\Windows\SYSTEM32\WINHTTP.dll
0x00007ffa213a0000 - 0x00007ffa21407000 	C:\Windows\system32\mswsock.dll
0x00007ffa096a0000 - 0x00007ffa096b5000 	C:\Users\Mita\.vscode\extensions\redhat.java-1.10.0-win32-x64\jre\17.0.4-win32-x86_64\bin\nio.dll
0x00007ffa21730000 - 0x00007ffa21740000 	c:\Users\Mita\.vscode\extensions\redhat.java-1.10.0-win32-x64\jre\17.0.4-win32-x86_64\bin\verify.dll
0x00007ffa09470000 - 0x00007ffa094ae000 	C:\Users\Mita\AppData\Roaming\Code\User\globalStorage\redhat.java\1.10.0\config_win\org.eclipse.equinox.launcher\org.eclipse.equinox.launcher.win32.win32.x86_64_1.2.500.v20220509-0833\eclipse_11700.dll
0x00007ffa23c80000 - 0x00007ffa23e1a000 	C:\Windows\System32\ole32.dll
0x00007ffa22100000 - 0x00007ffa22118000 	C:\Windows\SYSTEM32\CRYPTSP.dll
0x00007ffa20690000 - 0x00007ffa206c5000 	C:\Windows\system32\rsaenh.dll
0x00007ffa214f0000 - 0x00007ffa21519000 	C:\Windows\SYSTEM32\USERENV.dll
0x00007ffa21ff0000 - 0x00007ffa22017000 	C:\Windows\SYSTEM32\bcrypt.dll
0x00007ffa21490000 - 0x00007ffa2149c000 	C:\Windows\SYSTEM32\CRYPTBASE.dll
0x00007ffa20260000 - 0x00007ffa2028d000 	C:\Windows\SYSTEM32\IPHLPAPI.DLL
0x00007ffa23010000 - 0x00007ffa23019000 	C:\Windows\System32\NSI.dll
0x00007ffa1c390000 - 0x00007ffa1c3a9000 	C:\Windows\SYSTEM32\dhcpcsvc6.DLL
0x00007ffa1c690000 - 0x00007ffa1c6ae000 	C:\Windows\SYSTEM32\dhcpcsvc.DLL
0x00007ffa20290000 - 0x00007ffa20378000 	C:\Windows\SYSTEM32\DNSAPI.dll
0x00007ff9f2640000 - 0x00007ff9f2684000 	C:\Users\Mita\AppData\Local\Temp\jna-2398505\jna7605768574482758147.dll
0x00007ffa1d380000 - 0x00007ffa1d38e000 	C:\Users\Mita\.vscode\extensions\redhat.java-1.10.0-win32-x64\jre\17.0.4-win32-x86_64\bin\sunmscapi.dll
0x00007ffa22540000 - 0x00007ffa226a2000 	C:\Windows\System32\CRYPT32.dll
0x00007ffa219d0000 - 0x00007ffa219f8000 	C:\Windows\SYSTEM32\ncrypt.dll
0x00007ffa216e0000 - 0x00007ffa21717000 	C:\Windows\SYSTEM32\NTASN1.dll
0x00007ffa18230000 - 0x00007ffa1823a000 	C:\Windows\System32\rasadhlp.dll
0x00007ffa19fb0000 - 0x00007ffa1a031000 	C:\Windows\System32\fwpuclnt.dll
0x00007ffa1ec80000 - 0x00007ffa1ec88000 	C:\Windows\system32\wshunix.dll

dbghelp: loaded successfully - version: 4.0.5 - missing functions: none
symbol engine: initialized successfully - sym options: 0x614 - pdb path: .;c:\Users\Mita\.vscode\extensions\redhat.java-1.10.0-win32-x64\jre\17.0.4-win32-x86_64\bin;C:\Windows\SYSTEM32;C:\Windows\WinSxS\amd64_microsoft.windows.common-controls_6595b64144ccf1df_6.0.22000.120_none_9d947278b86cc467;c:\Users\Mita\.vscode\extensions\redhat.java-1.10.0-win32-x64\jre\17.0.4-win32-x86_64\bin\server;C:\Users\Mita\AppData\Roaming\Code\User\globalStorage\redhat.java\1.10.0\config_win\org.eclipse.equinox.launcher\org.eclipse.equinox.launcher.win32.win32.x86_64_1.2.500.v20220509-0833;C:\Users\Mita\AppData\Local\Temp\jna-2398505

VM Arguments:
jvm_args: --add-modules=ALL-SYSTEM --add-opens=java.base/java.util=ALL-UNNAMED --add-opens=java.base/java.lang=ALL-UNNAMED --add-opens=java.base/sun.nio.fs=ALL-UNNAMED -Declipse.application=org.eclipse.jdt.ls.core.id1 -Dosgi.bundles.defaultStartLevel=4 -Declipse.product=org.eclipse.jdt.ls.core.product -Djava.import.generatesMetadataFilesAtProjectRoot=false -Dfile.encoding=utf8 -DwatchParentProcess=false -XX:+UseParallelGC -XX:GCTimeRatio=4 -XX:AdaptiveSizePolicyWeight=90 -Dsun.zip.disableMemoryMapping=true -Xmx1G -Xms100m -Xlog:jni+resolve=off -javaagent:c:\Users\Mita\.vscode\extensions\redhat.java-1.10.0-win32-x64\lombok\lombok-1.18.24.jar -XX:+HeapDumpOnOutOfMemoryError -XX:HeapDumpPath=c:\Users\Mita\AppData\Roaming\Code\User\workspaceStorage\e8e741c6508175c276b0f33d380d1439\redhat.java 
java_command: c:\Users\Mita\.vscode\extensions\redhat.java-1.10.0-win32-x64\server\plugins\org.eclipse.equinox.launcher_1.6.400.v20210924-0641.jar -configuration c:\Users\Mita\AppData\Roaming\Code\User\globalStorage\redhat.java\1.10.0\config_win -data c:\Users\Mita\AppData\Roaming\Code\User\workspaceStorage\e8e741c6508175c276b0f33d380d1439\redhat.java\jdt_ws
java_class_path (initial): c:\Users\Mita\.vscode\extensions\redhat.java-1.10.0-win32-x64\server\plugins\org.eclipse.equinox.launcher_1.6.400.v20210924-0641.jar
Launcher Type: SUN_STANDARD

[Global flags]
    uintx AdaptiveSizePolicyWeight                 = 90                                        {product} {command line}
     intx CICompilerCount                          = 4                                         {product} {ergonomic}
    uintx GCTimeRatio                              = 4                                         {product} {command line}
     bool HeapDumpOnOutOfMemoryError               = true                                   {manageable} {command line}
    ccstr HeapDumpPath                             = c:\Users\Mita\AppData\Roaming\Code\User\workspaceStorage\e8e741c6508175c276b0f33d380d1439\redhat.java         {manageable} {command line}
   size_t InitialHeapSize                          = 104857600                                 {product} {command line}
   size_t MaxHeapSize                              = 1073741824                                {product} {command line}
   size_t MaxNewSize                               = 357564416                                 {product} {ergonomic}
   size_t MinHeapDeltaBytes                        = 524288                                    {product} {ergonomic}
   size_t MinHeapSize                              = 104857600                                 {product} {command line}
   size_t NewSize                                  = 34603008                                  {product} {ergonomic}
    uintx NonNMethodCodeHeapSize                   = 5839372                                {pd product} {ergonomic}
    uintx NonProfiledCodeHeapSize                  = 122909434                              {pd product} {ergonomic}
   size_t OldSize                                  = 70254592                                  {product} {ergonomic}
    uintx ProfiledCodeHeapSize                     = 122909434                              {pd product} {ergonomic}
    uintx ReservedCodeCacheSize                    = 251658240                              {pd product} {ergonomic}
     bool SegmentedCodeCache                       = true                                      {product} {ergonomic}
   size_t SoftMaxHeapSize                          = 1073741824                             {manageable} {ergonomic}
     bool UseCompressedClassPointers               = true                           {product lp64_product} {ergonomic}
     bool UseCompressedOops                        = true                           {product lp64_product} {ergonomic}
     bool UseLargePagesIndividualAllocation        = false                                  {pd product} {ergonomic}
     bool UseParallelGC                            = true                                      {product} {command line}

Logging:
Log output configuration:
 #0: stdout all=warning,jni+resolve=off uptime,level,tags
 #1: stderr all=off uptime,level,tags

Environment Variables:
PATH=C:\Program Files\Common Files\Oracle\Java\javapath;C:\Windows\system32;C:\Windows;C:\Windows\System32\Wbem;C:\Windows\System32\WindowsPowerShell\v1.0\;C:\Windows\System32\OpenSSH\;C:\Program Files\Git\cmd;C:\Program Files\WireGuard\;C:\HashiCorp\Vagrant\bin;C:\Program Files\nodejs\;C:\Program Files\Docker\Docker\resources\bin;C:\ProgramData\DockerDesktop\version-bin;C:\Users\Mita\AppData\Local\Programs\Python\Python37\Scripts\;C:\Users\Mita\AppData\Local\Programs\Python\Python37\;C:\Users\Mita\AppData\Local\Microsoft\WindowsApps;;C:\Users\Mita\AppData\Local\Programs\Microsoft VS Code\bin;C:\Users\Mita\AppData\Local\JetBrains\PyCharm Community Edition 2022.1.3\bin;;C:\Users\Mita\AppData\Roaming\npm;C:\Users\Mita\AppData\Local\Programs\Rancher Desktop\resources\resources\win32\bin;C:\Users\Mita\AppData\Local\Programs\Rancher Desktop\resources\resources\linux\bin
USERNAME=Mita
OS=Windows_NT
PROCESSOR_IDENTIFIER=Intel64 Family 6 Model 58 Stepping 9, GenuineIntel
TMP=C:\Users\Mita\AppData\Local\Temp
TEMP=C:\Users\Mita\AppData\Local\Temp



---------------  S Y S T E M  ---------------

OS:
 Windows 11 , 64 bit Build 22000 (10.0.22000.708)
OS uptime: 4 days 13:36 hours

CPU: total 8 (initial active 8) (4 cores per cpu, 2 threads per core) family 6 model 58 stepping 9 microcode 0x21, cx8, cmov, fxsr, ht, mmx, sse, sse2, sse3, ssse3, sse4.1, sse4.2, popcnt, tsc, tscinvbit, avx, aes, erms, clmul, vzeroupper, clflush

Memory: 4k page, system-wide physical 8085M (1012M free)
TotalPageFile size 12665M (AvailPageFile size 3044M)
current process WorkingSet (physical memory assigned to process): 497M, peak: 541M
current process commit charge ("private bytes"): 516M, peak: 575M

vm_info: OpenJDK 64-Bit Server VM (17.0.4+8) for windows-amd64 JRE (17.0.4+8), built on Jul 19 2022 16:05:16 by "temurin" with MS VC++ 16.7 (VS2019)

END.
